ARM GAS  C:\Users\zafee\AppData\Local\Temp\ccLgPZH2.s 			page 1


   1              		.cpu cortex-m4
   2              		.arch armv7e-m
   3              		.fpu fpv4-sp-d16
   4              		.eabi_attribute 27, 1
   5              		.eabi_attribute 28, 1
   6              		.eabi_attribute 20, 1
   7              		.eabi_attribute 21, 1
   8              		.eabi_attribute 23, 3
   9              		.eabi_attribute 24, 1
  10              		.eabi_attribute 25, 1
  11              		.eabi_attribute 26, 1
  12              		.eabi_attribute 30, 1
  13              		.eabi_attribute 34, 1
  14              		.eabi_attribute 18, 4
  15              		.file	"ble_list.c"
  16              		.text
  17              	.Ltext0:
  18              		.cfi_sections	.debug_frame
  19              		.file 1 "Middlewares/ST/BlueNRG-2/utils/ble_list.c"
  20              		.section	.text.list_init_head,"ax",%progbits
  21              		.align	1
  22              		.global	list_init_head
  23              		.syntax unified
  24              		.thumb
  25              		.thumb_func
  27              	list_init_head:
  28              	.LVL0:
  29              	.LFB133:
   1:Middlewares/ST/BlueNRG-2/utils/ble_list.c **** /**
   2:Middlewares/ST/BlueNRG-2/utils/ble_list.c ****   ******************************************************************************
   3:Middlewares/ST/BlueNRG-2/utils/ble_list.c ****   * @file    ble_list.c
   4:Middlewares/ST/BlueNRG-2/utils/ble_list.c ****   * @author  AMS - HEA&RF BU
   5:Middlewares/ST/BlueNRG-2/utils/ble_list.c ****   * @brief   Circular Linked List Implementation.
   6:Middlewares/ST/BlueNRG-2/utils/ble_list.c ****   ******************************************************************************
   7:Middlewares/ST/BlueNRG-2/utils/ble_list.c ****   * @attention
   8:Middlewares/ST/BlueNRG-2/utils/ble_list.c ****   *
   9:Middlewares/ST/BlueNRG-2/utils/ble_list.c ****   * Copyright (c) 2012 STMicroelectronics.
  10:Middlewares/ST/BlueNRG-2/utils/ble_list.c ****   * All rights reserved.
  11:Middlewares/ST/BlueNRG-2/utils/ble_list.c ****   *
  12:Middlewares/ST/BlueNRG-2/utils/ble_list.c ****   * This software is licensed under terms that can be found in the LICENSE file
  13:Middlewares/ST/BlueNRG-2/utils/ble_list.c ****   * in the root directory of this software component.
  14:Middlewares/ST/BlueNRG-2/utils/ble_list.c ****   * If no LICENSE file comes with this software, it is provided AS-IS.
  15:Middlewares/ST/BlueNRG-2/utils/ble_list.c ****   *
  16:Middlewares/ST/BlueNRG-2/utils/ble_list.c ****   ******************************************************************************
  17:Middlewares/ST/BlueNRG-2/utils/ble_list.c ****   */
  18:Middlewares/ST/BlueNRG-2/utils/ble_list.c **** /******************************************************************************
  19:Middlewares/ST/BlueNRG-2/utils/ble_list.c ****  * Include Files
  20:Middlewares/ST/BlueNRG-2/utils/ble_list.c **** ******************************************************************************/
  21:Middlewares/ST/BlueNRG-2/utils/ble_list.c **** #include "ble_list.h"
  22:Middlewares/ST/BlueNRG-2/utils/ble_list.c **** #include <stdio.h>
  23:Middlewares/ST/BlueNRG-2/utils/ble_list.c **** 
  24:Middlewares/ST/BlueNRG-2/utils/ble_list.c **** #include "ble_list_utils.h"
  25:Middlewares/ST/BlueNRG-2/utils/ble_list.c **** 
  26:Middlewares/ST/BlueNRG-2/utils/ble_list.c **** /******************************************************************************
  27:Middlewares/ST/BlueNRG-2/utils/ble_list.c ****  * Function Definitions 
  28:Middlewares/ST/BlueNRG-2/utils/ble_list.c **** ******************************************************************************/
  29:Middlewares/ST/BlueNRG-2/utils/ble_list.c **** void list_init_head (tListNode * listHead)
ARM GAS  C:\Users\zafee\AppData\Local\Temp\ccLgPZH2.s 			page 2


  30:Middlewares/ST/BlueNRG-2/utils/ble_list.c **** {
  30              		.loc 1 30 1 view -0
  31              		.cfi_startproc
  32              		@ args = 0, pretend = 0, frame = 0
  33              		@ frame_needed = 0, uses_anonymous_args = 0
  34              		@ link register save eliminated.
  31:Middlewares/ST/BlueNRG-2/utils/ble_list.c ****   listHead->next = listHead;
  35              		.loc 1 31 3 view .LVU1
  36              		.loc 1 31 18 is_stmt 0 view .LVU2
  37 0000 0060     		str	r0, [r0]
  32:Middlewares/ST/BlueNRG-2/utils/ble_list.c ****   listHead->prev = listHead;	
  38              		.loc 1 32 3 is_stmt 1 view .LVU3
  39              		.loc 1 32 18 is_stmt 0 view .LVU4
  40 0002 4060     		str	r0, [r0, #4]
  33:Middlewares/ST/BlueNRG-2/utils/ble_list.c **** }
  41              		.loc 1 33 1 view .LVU5
  42 0004 7047     		bx	lr
  43              		.cfi_endproc
  44              	.LFE133:
  46              		.section	.text.list_is_empty,"ax",%progbits
  47              		.align	1
  48              		.global	list_is_empty
  49              		.syntax unified
  50              		.thumb
  51              		.thumb_func
  53              	list_is_empty:
  54              	.LVL1:
  55              	.LFB134:
  34:Middlewares/ST/BlueNRG-2/utils/ble_list.c **** 
  35:Middlewares/ST/BlueNRG-2/utils/ble_list.c **** uint8_t list_is_empty (tListNode * listHead)
  36:Middlewares/ST/BlueNRG-2/utils/ble_list.c **** {
  56              		.loc 1 36 1 is_stmt 1 view -0
  57              		.cfi_startproc
  58              		@ args = 0, pretend = 0, frame = 0
  59              		@ frame_needed = 0, uses_anonymous_args = 0
  60              		@ link register save eliminated.
  37:Middlewares/ST/BlueNRG-2/utils/ble_list.c ****   uint8_t return_value;
  61              		.loc 1 37 3 view .LVU7
  38:Middlewares/ST/BlueNRG-2/utils/ble_list.c ****   
  39:Middlewares/ST/BlueNRG-2/utils/ble_list.c ****   uint32_t uwPRIMASK_Bit;
  62              		.loc 1 39 3 view .LVU8
  40:Middlewares/ST/BlueNRG-2/utils/ble_list.c ****   uwPRIMASK_Bit = __get_PRIMASK();  /**< backup PRIMASK bit */
  63              		.loc 1 40 3 view .LVU9
  64              	.LBB68:
  65              	.LBI68:
  66              		.file 2 "Drivers/CMSIS/Include/cmsis_gcc.h"
   1:Drivers/CMSIS/Include/cmsis_gcc.h **** /**************************************************************************//**
   2:Drivers/CMSIS/Include/cmsis_gcc.h ****  * @file     cmsis_gcc.h
   3:Drivers/CMSIS/Include/cmsis_gcc.h ****  * @brief    CMSIS compiler GCC header file
   4:Drivers/CMSIS/Include/cmsis_gcc.h ****  * @version  V5.0.4
   5:Drivers/CMSIS/Include/cmsis_gcc.h ****  * @date     09. April 2018
   6:Drivers/CMSIS/Include/cmsis_gcc.h ****  ******************************************************************************/
   7:Drivers/CMSIS/Include/cmsis_gcc.h **** /*
   8:Drivers/CMSIS/Include/cmsis_gcc.h ****  * Copyright (c) 2009-2018 Arm Limited. All rights reserved.
   9:Drivers/CMSIS/Include/cmsis_gcc.h ****  *
  10:Drivers/CMSIS/Include/cmsis_gcc.h ****  * SPDX-License-Identifier: Apache-2.0
  11:Drivers/CMSIS/Include/cmsis_gcc.h ****  *
ARM GAS  C:\Users\zafee\AppData\Local\Temp\ccLgPZH2.s 			page 3


  12:Drivers/CMSIS/Include/cmsis_gcc.h ****  * Licensed under the Apache License, Version 2.0 (the License); you may
  13:Drivers/CMSIS/Include/cmsis_gcc.h ****  * not use this file except in compliance with the License.
  14:Drivers/CMSIS/Include/cmsis_gcc.h ****  * You may obtain a copy of the License at
  15:Drivers/CMSIS/Include/cmsis_gcc.h ****  *
  16:Drivers/CMSIS/Include/cmsis_gcc.h ****  * www.apache.org/licenses/LICENSE-2.0
  17:Drivers/CMSIS/Include/cmsis_gcc.h ****  *
  18:Drivers/CMSIS/Include/cmsis_gcc.h ****  * Unless required by applicable law or agreed to in writing, software
  19:Drivers/CMSIS/Include/cmsis_gcc.h ****  * distributed under the License is distributed on an AS IS BASIS, WITHOUT
  20:Drivers/CMSIS/Include/cmsis_gcc.h ****  * WARRANTIES OR CONDITIONS OF ANY KIND, either express or implied.
  21:Drivers/CMSIS/Include/cmsis_gcc.h ****  * See the License for the specific language governing permissions and
  22:Drivers/CMSIS/Include/cmsis_gcc.h ****  * limitations under the License.
  23:Drivers/CMSIS/Include/cmsis_gcc.h ****  */
  24:Drivers/CMSIS/Include/cmsis_gcc.h **** 
  25:Drivers/CMSIS/Include/cmsis_gcc.h **** #ifndef __CMSIS_GCC_H
  26:Drivers/CMSIS/Include/cmsis_gcc.h **** #define __CMSIS_GCC_H
  27:Drivers/CMSIS/Include/cmsis_gcc.h **** 
  28:Drivers/CMSIS/Include/cmsis_gcc.h **** /* ignore some GCC warnings */
  29:Drivers/CMSIS/Include/cmsis_gcc.h **** #pragma GCC diagnostic push
  30:Drivers/CMSIS/Include/cmsis_gcc.h **** #pragma GCC diagnostic ignored "-Wsign-conversion"
  31:Drivers/CMSIS/Include/cmsis_gcc.h **** #pragma GCC diagnostic ignored "-Wconversion"
  32:Drivers/CMSIS/Include/cmsis_gcc.h **** #pragma GCC diagnostic ignored "-Wunused-parameter"
  33:Drivers/CMSIS/Include/cmsis_gcc.h **** 
  34:Drivers/CMSIS/Include/cmsis_gcc.h **** /* Fallback for __has_builtin */
  35:Drivers/CMSIS/Include/cmsis_gcc.h **** #ifndef __has_builtin
  36:Drivers/CMSIS/Include/cmsis_gcc.h ****   #define __has_builtin(x) (0)
  37:Drivers/CMSIS/Include/cmsis_gcc.h **** #endif
  38:Drivers/CMSIS/Include/cmsis_gcc.h **** 
  39:Drivers/CMSIS/Include/cmsis_gcc.h **** /* CMSIS compiler specific defines */
  40:Drivers/CMSIS/Include/cmsis_gcc.h **** #ifndef   __ASM
  41:Drivers/CMSIS/Include/cmsis_gcc.h ****   #define __ASM                                  __asm
  42:Drivers/CMSIS/Include/cmsis_gcc.h **** #endif
  43:Drivers/CMSIS/Include/cmsis_gcc.h **** #ifndef   __INLINE
  44:Drivers/CMSIS/Include/cmsis_gcc.h ****   #define __INLINE                               inline
  45:Drivers/CMSIS/Include/cmsis_gcc.h **** #endif
  46:Drivers/CMSIS/Include/cmsis_gcc.h **** #ifndef   __STATIC_INLINE
  47:Drivers/CMSIS/Include/cmsis_gcc.h ****   #define __STATIC_INLINE                        static inline
  48:Drivers/CMSIS/Include/cmsis_gcc.h **** #endif
  49:Drivers/CMSIS/Include/cmsis_gcc.h **** #ifndef   __STATIC_FORCEINLINE                 
  50:Drivers/CMSIS/Include/cmsis_gcc.h ****   #define __STATIC_FORCEINLINE                   __attribute__((always_inline)) static inline
  51:Drivers/CMSIS/Include/cmsis_gcc.h **** #endif                                           
  52:Drivers/CMSIS/Include/cmsis_gcc.h **** #ifndef   __NO_RETURN
  53:Drivers/CMSIS/Include/cmsis_gcc.h ****   #define __NO_RETURN                            __attribute__((__noreturn__))
  54:Drivers/CMSIS/Include/cmsis_gcc.h **** #endif
  55:Drivers/CMSIS/Include/cmsis_gcc.h **** #ifndef   __USED
  56:Drivers/CMSIS/Include/cmsis_gcc.h ****   #define __USED                                 __attribute__((used))
  57:Drivers/CMSIS/Include/cmsis_gcc.h **** #endif
  58:Drivers/CMSIS/Include/cmsis_gcc.h **** #ifndef   __WEAK
  59:Drivers/CMSIS/Include/cmsis_gcc.h ****   #define __WEAK                                 __attribute__((weak))
  60:Drivers/CMSIS/Include/cmsis_gcc.h **** #endif
  61:Drivers/CMSIS/Include/cmsis_gcc.h **** #ifndef   __PACKED
  62:Drivers/CMSIS/Include/cmsis_gcc.h ****   #define __PACKED                               __attribute__((packed, aligned(1)))
  63:Drivers/CMSIS/Include/cmsis_gcc.h **** #endif
  64:Drivers/CMSIS/Include/cmsis_gcc.h **** #ifndef   __PACKED_STRUCT
  65:Drivers/CMSIS/Include/cmsis_gcc.h ****   #define __PACKED_STRUCT                        struct __attribute__((packed, aligned(1)))
  66:Drivers/CMSIS/Include/cmsis_gcc.h **** #endif
  67:Drivers/CMSIS/Include/cmsis_gcc.h **** #ifndef   __PACKED_UNION
  68:Drivers/CMSIS/Include/cmsis_gcc.h ****   #define __PACKED_UNION                         union __attribute__((packed, aligned(1)))
ARM GAS  C:\Users\zafee\AppData\Local\Temp\ccLgPZH2.s 			page 4


  69:Drivers/CMSIS/Include/cmsis_gcc.h **** #endif
  70:Drivers/CMSIS/Include/cmsis_gcc.h **** #ifndef   __UNALIGNED_UINT32        /* deprecated */
  71:Drivers/CMSIS/Include/cmsis_gcc.h ****   #pragma GCC diagnostic push
  72:Drivers/CMSIS/Include/cmsis_gcc.h ****   #pragma GCC diagnostic ignored "-Wpacked"
  73:Drivers/CMSIS/Include/cmsis_gcc.h ****   #pragma GCC diagnostic ignored "-Wattributes"
  74:Drivers/CMSIS/Include/cmsis_gcc.h ****   struct __attribute__((packed)) T_UINT32 { uint32_t v; };
  75:Drivers/CMSIS/Include/cmsis_gcc.h ****   #pragma GCC diagnostic pop
  76:Drivers/CMSIS/Include/cmsis_gcc.h ****   #define __UNALIGNED_UINT32(x)                  (((struct T_UINT32 *)(x))->v)
  77:Drivers/CMSIS/Include/cmsis_gcc.h **** #endif
  78:Drivers/CMSIS/Include/cmsis_gcc.h **** #ifndef   __UNALIGNED_UINT16_WRITE
  79:Drivers/CMSIS/Include/cmsis_gcc.h ****   #pragma GCC diagnostic push
  80:Drivers/CMSIS/Include/cmsis_gcc.h ****   #pragma GCC diagnostic ignored "-Wpacked"
  81:Drivers/CMSIS/Include/cmsis_gcc.h ****   #pragma GCC diagnostic ignored "-Wattributes"
  82:Drivers/CMSIS/Include/cmsis_gcc.h ****   __PACKED_STRUCT T_UINT16_WRITE { uint16_t v; };
  83:Drivers/CMSIS/Include/cmsis_gcc.h ****   #pragma GCC diagnostic pop
  84:Drivers/CMSIS/Include/cmsis_gcc.h ****   #define __UNALIGNED_UINT16_WRITE(addr, val)    (void)((((struct T_UINT16_WRITE *)(void *)(addr))-
  85:Drivers/CMSIS/Include/cmsis_gcc.h **** #endif
  86:Drivers/CMSIS/Include/cmsis_gcc.h **** #ifndef   __UNALIGNED_UINT16_READ
  87:Drivers/CMSIS/Include/cmsis_gcc.h ****   #pragma GCC diagnostic push
  88:Drivers/CMSIS/Include/cmsis_gcc.h ****   #pragma GCC diagnostic ignored "-Wpacked"
  89:Drivers/CMSIS/Include/cmsis_gcc.h ****   #pragma GCC diagnostic ignored "-Wattributes"
  90:Drivers/CMSIS/Include/cmsis_gcc.h ****   __PACKED_STRUCT T_UINT16_READ { uint16_t v; };
  91:Drivers/CMSIS/Include/cmsis_gcc.h ****   #pragma GCC diagnostic pop
  92:Drivers/CMSIS/Include/cmsis_gcc.h ****   #define __UNALIGNED_UINT16_READ(addr)          (((const struct T_UINT16_READ *)(const void *)(add
  93:Drivers/CMSIS/Include/cmsis_gcc.h **** #endif
  94:Drivers/CMSIS/Include/cmsis_gcc.h **** #ifndef   __UNALIGNED_UINT32_WRITE
  95:Drivers/CMSIS/Include/cmsis_gcc.h ****   #pragma GCC diagnostic push
  96:Drivers/CMSIS/Include/cmsis_gcc.h ****   #pragma GCC diagnostic ignored "-Wpacked"
  97:Drivers/CMSIS/Include/cmsis_gcc.h ****   #pragma GCC diagnostic ignored "-Wattributes"
  98:Drivers/CMSIS/Include/cmsis_gcc.h ****   __PACKED_STRUCT T_UINT32_WRITE { uint32_t v; };
  99:Drivers/CMSIS/Include/cmsis_gcc.h ****   #pragma GCC diagnostic pop
 100:Drivers/CMSIS/Include/cmsis_gcc.h ****   #define __UNALIGNED_UINT32_WRITE(addr, val)    (void)((((struct T_UINT32_WRITE *)(void *)(addr))-
 101:Drivers/CMSIS/Include/cmsis_gcc.h **** #endif
 102:Drivers/CMSIS/Include/cmsis_gcc.h **** #ifndef   __UNALIGNED_UINT32_READ
 103:Drivers/CMSIS/Include/cmsis_gcc.h ****   #pragma GCC diagnostic push
 104:Drivers/CMSIS/Include/cmsis_gcc.h ****   #pragma GCC diagnostic ignored "-Wpacked"
 105:Drivers/CMSIS/Include/cmsis_gcc.h ****   #pragma GCC diagnostic ignored "-Wattributes"
 106:Drivers/CMSIS/Include/cmsis_gcc.h ****   __PACKED_STRUCT T_UINT32_READ { uint32_t v; };
 107:Drivers/CMSIS/Include/cmsis_gcc.h ****   #pragma GCC diagnostic pop
 108:Drivers/CMSIS/Include/cmsis_gcc.h ****   #define __UNALIGNED_UINT32_READ(addr)          (((const struct T_UINT32_READ *)(const void *)(add
 109:Drivers/CMSIS/Include/cmsis_gcc.h **** #endif
 110:Drivers/CMSIS/Include/cmsis_gcc.h **** #ifndef   __ALIGNED
 111:Drivers/CMSIS/Include/cmsis_gcc.h ****   #define __ALIGNED(x)                           __attribute__((aligned(x)))
 112:Drivers/CMSIS/Include/cmsis_gcc.h **** #endif
 113:Drivers/CMSIS/Include/cmsis_gcc.h **** #ifndef   __RESTRICT
 114:Drivers/CMSIS/Include/cmsis_gcc.h ****   #define __RESTRICT                             __restrict
 115:Drivers/CMSIS/Include/cmsis_gcc.h **** #endif
 116:Drivers/CMSIS/Include/cmsis_gcc.h **** 
 117:Drivers/CMSIS/Include/cmsis_gcc.h **** 
 118:Drivers/CMSIS/Include/cmsis_gcc.h **** /* ###########################  Core Function Access  ########################### */
 119:Drivers/CMSIS/Include/cmsis_gcc.h **** /** \ingroup  CMSIS_Core_FunctionInterface
 120:Drivers/CMSIS/Include/cmsis_gcc.h ****     \defgroup CMSIS_Core_RegAccFunctions CMSIS Core Register Access Functions
 121:Drivers/CMSIS/Include/cmsis_gcc.h ****   @{
 122:Drivers/CMSIS/Include/cmsis_gcc.h ****  */
 123:Drivers/CMSIS/Include/cmsis_gcc.h **** 
 124:Drivers/CMSIS/Include/cmsis_gcc.h **** /**
 125:Drivers/CMSIS/Include/cmsis_gcc.h ****   \brief   Enable IRQ Interrupts
ARM GAS  C:\Users\zafee\AppData\Local\Temp\ccLgPZH2.s 			page 5


 126:Drivers/CMSIS/Include/cmsis_gcc.h ****   \details Enables IRQ interrupts by clearing the I-bit in the CPSR.
 127:Drivers/CMSIS/Include/cmsis_gcc.h ****            Can only be executed in Privileged modes.
 128:Drivers/CMSIS/Include/cmsis_gcc.h ****  */
 129:Drivers/CMSIS/Include/cmsis_gcc.h **** __STATIC_FORCEINLINE void __enable_irq(void)
 130:Drivers/CMSIS/Include/cmsis_gcc.h **** {
 131:Drivers/CMSIS/Include/cmsis_gcc.h ****   __ASM volatile ("cpsie i" : : : "memory");
 132:Drivers/CMSIS/Include/cmsis_gcc.h **** }
 133:Drivers/CMSIS/Include/cmsis_gcc.h **** 
 134:Drivers/CMSIS/Include/cmsis_gcc.h **** 
 135:Drivers/CMSIS/Include/cmsis_gcc.h **** /**
 136:Drivers/CMSIS/Include/cmsis_gcc.h ****   \brief   Disable IRQ Interrupts
 137:Drivers/CMSIS/Include/cmsis_gcc.h ****   \details Disables IRQ interrupts by setting the I-bit in the CPSR.
 138:Drivers/CMSIS/Include/cmsis_gcc.h ****            Can only be executed in Privileged modes.
 139:Drivers/CMSIS/Include/cmsis_gcc.h ****  */
 140:Drivers/CMSIS/Include/cmsis_gcc.h **** __STATIC_FORCEINLINE void __disable_irq(void)
 141:Drivers/CMSIS/Include/cmsis_gcc.h **** {
 142:Drivers/CMSIS/Include/cmsis_gcc.h ****   __ASM volatile ("cpsid i" : : : "memory");
 143:Drivers/CMSIS/Include/cmsis_gcc.h **** }
 144:Drivers/CMSIS/Include/cmsis_gcc.h **** 
 145:Drivers/CMSIS/Include/cmsis_gcc.h **** 
 146:Drivers/CMSIS/Include/cmsis_gcc.h **** /**
 147:Drivers/CMSIS/Include/cmsis_gcc.h ****   \brief   Get Control Register
 148:Drivers/CMSIS/Include/cmsis_gcc.h ****   \details Returns the content of the Control Register.
 149:Drivers/CMSIS/Include/cmsis_gcc.h ****   \return               Control Register value
 150:Drivers/CMSIS/Include/cmsis_gcc.h ****  */
 151:Drivers/CMSIS/Include/cmsis_gcc.h **** __STATIC_FORCEINLINE uint32_t __get_CONTROL(void)
 152:Drivers/CMSIS/Include/cmsis_gcc.h **** {
 153:Drivers/CMSIS/Include/cmsis_gcc.h ****   uint32_t result;
 154:Drivers/CMSIS/Include/cmsis_gcc.h **** 
 155:Drivers/CMSIS/Include/cmsis_gcc.h ****   __ASM volatile ("MRS %0, control" : "=r" (result) );
 156:Drivers/CMSIS/Include/cmsis_gcc.h ****   return(result);
 157:Drivers/CMSIS/Include/cmsis_gcc.h **** }
 158:Drivers/CMSIS/Include/cmsis_gcc.h **** 
 159:Drivers/CMSIS/Include/cmsis_gcc.h **** 
 160:Drivers/CMSIS/Include/cmsis_gcc.h **** #if (defined (__ARM_FEATURE_CMSE ) && (__ARM_FEATURE_CMSE == 3))
 161:Drivers/CMSIS/Include/cmsis_gcc.h **** /**
 162:Drivers/CMSIS/Include/cmsis_gcc.h ****   \brief   Get Control Register (non-secure)
 163:Drivers/CMSIS/Include/cmsis_gcc.h ****   \details Returns the content of the non-secure Control Register when in secure mode.
 164:Drivers/CMSIS/Include/cmsis_gcc.h ****   \return               non-secure Control Register value
 165:Drivers/CMSIS/Include/cmsis_gcc.h ****  */
 166:Drivers/CMSIS/Include/cmsis_gcc.h **** __STATIC_FORCEINLINE uint32_t __TZ_get_CONTROL_NS(void)
 167:Drivers/CMSIS/Include/cmsis_gcc.h **** {
 168:Drivers/CMSIS/Include/cmsis_gcc.h ****   uint32_t result;
 169:Drivers/CMSIS/Include/cmsis_gcc.h **** 
 170:Drivers/CMSIS/Include/cmsis_gcc.h ****   __ASM volatile ("MRS %0, control_ns" : "=r" (result) );
 171:Drivers/CMSIS/Include/cmsis_gcc.h ****   return(result);
 172:Drivers/CMSIS/Include/cmsis_gcc.h **** }
 173:Drivers/CMSIS/Include/cmsis_gcc.h **** #endif
 174:Drivers/CMSIS/Include/cmsis_gcc.h **** 
 175:Drivers/CMSIS/Include/cmsis_gcc.h **** 
 176:Drivers/CMSIS/Include/cmsis_gcc.h **** /**
 177:Drivers/CMSIS/Include/cmsis_gcc.h ****   \brief   Set Control Register
 178:Drivers/CMSIS/Include/cmsis_gcc.h ****   \details Writes the given value to the Control Register.
 179:Drivers/CMSIS/Include/cmsis_gcc.h ****   \param [in]    control  Control Register value to set
 180:Drivers/CMSIS/Include/cmsis_gcc.h ****  */
 181:Drivers/CMSIS/Include/cmsis_gcc.h **** __STATIC_FORCEINLINE void __set_CONTROL(uint32_t control)
 182:Drivers/CMSIS/Include/cmsis_gcc.h **** {
ARM GAS  C:\Users\zafee\AppData\Local\Temp\ccLgPZH2.s 			page 6


 183:Drivers/CMSIS/Include/cmsis_gcc.h ****   __ASM volatile ("MSR control, %0" : : "r" (control) : "memory");
 184:Drivers/CMSIS/Include/cmsis_gcc.h **** }
 185:Drivers/CMSIS/Include/cmsis_gcc.h **** 
 186:Drivers/CMSIS/Include/cmsis_gcc.h **** 
 187:Drivers/CMSIS/Include/cmsis_gcc.h **** #if (defined (__ARM_FEATURE_CMSE ) && (__ARM_FEATURE_CMSE == 3))
 188:Drivers/CMSIS/Include/cmsis_gcc.h **** /**
 189:Drivers/CMSIS/Include/cmsis_gcc.h ****   \brief   Set Control Register (non-secure)
 190:Drivers/CMSIS/Include/cmsis_gcc.h ****   \details Writes the given value to the non-secure Control Register when in secure state.
 191:Drivers/CMSIS/Include/cmsis_gcc.h ****   \param [in]    control  Control Register value to set
 192:Drivers/CMSIS/Include/cmsis_gcc.h ****  */
 193:Drivers/CMSIS/Include/cmsis_gcc.h **** __STATIC_FORCEINLINE void __TZ_set_CONTROL_NS(uint32_t control)
 194:Drivers/CMSIS/Include/cmsis_gcc.h **** {
 195:Drivers/CMSIS/Include/cmsis_gcc.h ****   __ASM volatile ("MSR control_ns, %0" : : "r" (control) : "memory");
 196:Drivers/CMSIS/Include/cmsis_gcc.h **** }
 197:Drivers/CMSIS/Include/cmsis_gcc.h **** #endif
 198:Drivers/CMSIS/Include/cmsis_gcc.h **** 
 199:Drivers/CMSIS/Include/cmsis_gcc.h **** 
 200:Drivers/CMSIS/Include/cmsis_gcc.h **** /**
 201:Drivers/CMSIS/Include/cmsis_gcc.h ****   \brief   Get IPSR Register
 202:Drivers/CMSIS/Include/cmsis_gcc.h ****   \details Returns the content of the IPSR Register.
 203:Drivers/CMSIS/Include/cmsis_gcc.h ****   \return               IPSR Register value
 204:Drivers/CMSIS/Include/cmsis_gcc.h ****  */
 205:Drivers/CMSIS/Include/cmsis_gcc.h **** __STATIC_FORCEINLINE uint32_t __get_IPSR(void)
 206:Drivers/CMSIS/Include/cmsis_gcc.h **** {
 207:Drivers/CMSIS/Include/cmsis_gcc.h ****   uint32_t result;
 208:Drivers/CMSIS/Include/cmsis_gcc.h **** 
 209:Drivers/CMSIS/Include/cmsis_gcc.h ****   __ASM volatile ("MRS %0, ipsr" : "=r" (result) );
 210:Drivers/CMSIS/Include/cmsis_gcc.h ****   return(result);
 211:Drivers/CMSIS/Include/cmsis_gcc.h **** }
 212:Drivers/CMSIS/Include/cmsis_gcc.h **** 
 213:Drivers/CMSIS/Include/cmsis_gcc.h **** 
 214:Drivers/CMSIS/Include/cmsis_gcc.h **** /**
 215:Drivers/CMSIS/Include/cmsis_gcc.h ****   \brief   Get APSR Register
 216:Drivers/CMSIS/Include/cmsis_gcc.h ****   \details Returns the content of the APSR Register.
 217:Drivers/CMSIS/Include/cmsis_gcc.h ****   \return               APSR Register value
 218:Drivers/CMSIS/Include/cmsis_gcc.h ****  */
 219:Drivers/CMSIS/Include/cmsis_gcc.h **** __STATIC_FORCEINLINE uint32_t __get_APSR(void)
 220:Drivers/CMSIS/Include/cmsis_gcc.h **** {
 221:Drivers/CMSIS/Include/cmsis_gcc.h ****   uint32_t result;
 222:Drivers/CMSIS/Include/cmsis_gcc.h **** 
 223:Drivers/CMSIS/Include/cmsis_gcc.h ****   __ASM volatile ("MRS %0, apsr" : "=r" (result) );
 224:Drivers/CMSIS/Include/cmsis_gcc.h ****   return(result);
 225:Drivers/CMSIS/Include/cmsis_gcc.h **** }
 226:Drivers/CMSIS/Include/cmsis_gcc.h **** 
 227:Drivers/CMSIS/Include/cmsis_gcc.h **** 
 228:Drivers/CMSIS/Include/cmsis_gcc.h **** /**
 229:Drivers/CMSIS/Include/cmsis_gcc.h ****   \brief   Get xPSR Register
 230:Drivers/CMSIS/Include/cmsis_gcc.h ****   \details Returns the content of the xPSR Register.
 231:Drivers/CMSIS/Include/cmsis_gcc.h ****   \return               xPSR Register value
 232:Drivers/CMSIS/Include/cmsis_gcc.h ****  */
 233:Drivers/CMSIS/Include/cmsis_gcc.h **** __STATIC_FORCEINLINE uint32_t __get_xPSR(void)
 234:Drivers/CMSIS/Include/cmsis_gcc.h **** {
 235:Drivers/CMSIS/Include/cmsis_gcc.h ****   uint32_t result;
 236:Drivers/CMSIS/Include/cmsis_gcc.h **** 
 237:Drivers/CMSIS/Include/cmsis_gcc.h ****   __ASM volatile ("MRS %0, xpsr" : "=r" (result) );
 238:Drivers/CMSIS/Include/cmsis_gcc.h ****   return(result);
 239:Drivers/CMSIS/Include/cmsis_gcc.h **** }
ARM GAS  C:\Users\zafee\AppData\Local\Temp\ccLgPZH2.s 			page 7


 240:Drivers/CMSIS/Include/cmsis_gcc.h **** 
 241:Drivers/CMSIS/Include/cmsis_gcc.h **** 
 242:Drivers/CMSIS/Include/cmsis_gcc.h **** /**
 243:Drivers/CMSIS/Include/cmsis_gcc.h ****   \brief   Get Process Stack Pointer
 244:Drivers/CMSIS/Include/cmsis_gcc.h ****   \details Returns the current value of the Process Stack Pointer (PSP).
 245:Drivers/CMSIS/Include/cmsis_gcc.h ****   \return               PSP Register value
 246:Drivers/CMSIS/Include/cmsis_gcc.h ****  */
 247:Drivers/CMSIS/Include/cmsis_gcc.h **** __STATIC_FORCEINLINE uint32_t __get_PSP(void)
 248:Drivers/CMSIS/Include/cmsis_gcc.h **** {
 249:Drivers/CMSIS/Include/cmsis_gcc.h ****   uint32_t result;
 250:Drivers/CMSIS/Include/cmsis_gcc.h **** 
 251:Drivers/CMSIS/Include/cmsis_gcc.h ****   __ASM volatile ("MRS %0, psp"  : "=r" (result) );
 252:Drivers/CMSIS/Include/cmsis_gcc.h ****   return(result);
 253:Drivers/CMSIS/Include/cmsis_gcc.h **** }
 254:Drivers/CMSIS/Include/cmsis_gcc.h **** 
 255:Drivers/CMSIS/Include/cmsis_gcc.h **** 
 256:Drivers/CMSIS/Include/cmsis_gcc.h **** #if (defined (__ARM_FEATURE_CMSE ) && (__ARM_FEATURE_CMSE == 3))
 257:Drivers/CMSIS/Include/cmsis_gcc.h **** /**
 258:Drivers/CMSIS/Include/cmsis_gcc.h ****   \brief   Get Process Stack Pointer (non-secure)
 259:Drivers/CMSIS/Include/cmsis_gcc.h ****   \details Returns the current value of the non-secure Process Stack Pointer (PSP) when in secure s
 260:Drivers/CMSIS/Include/cmsis_gcc.h ****   \return               PSP Register value
 261:Drivers/CMSIS/Include/cmsis_gcc.h ****  */
 262:Drivers/CMSIS/Include/cmsis_gcc.h **** __STATIC_FORCEINLINE uint32_t __TZ_get_PSP_NS(void)
 263:Drivers/CMSIS/Include/cmsis_gcc.h **** {
 264:Drivers/CMSIS/Include/cmsis_gcc.h ****   uint32_t result;
 265:Drivers/CMSIS/Include/cmsis_gcc.h **** 
 266:Drivers/CMSIS/Include/cmsis_gcc.h ****   __ASM volatile ("MRS %0, psp_ns"  : "=r" (result) );
 267:Drivers/CMSIS/Include/cmsis_gcc.h ****   return(result);
 268:Drivers/CMSIS/Include/cmsis_gcc.h **** }
 269:Drivers/CMSIS/Include/cmsis_gcc.h **** #endif
 270:Drivers/CMSIS/Include/cmsis_gcc.h **** 
 271:Drivers/CMSIS/Include/cmsis_gcc.h **** 
 272:Drivers/CMSIS/Include/cmsis_gcc.h **** /**
 273:Drivers/CMSIS/Include/cmsis_gcc.h ****   \brief   Set Process Stack Pointer
 274:Drivers/CMSIS/Include/cmsis_gcc.h ****   \details Assigns the given value to the Process Stack Pointer (PSP).
 275:Drivers/CMSIS/Include/cmsis_gcc.h ****   \param [in]    topOfProcStack  Process Stack Pointer value to set
 276:Drivers/CMSIS/Include/cmsis_gcc.h ****  */
 277:Drivers/CMSIS/Include/cmsis_gcc.h **** __STATIC_FORCEINLINE void __set_PSP(uint32_t topOfProcStack)
 278:Drivers/CMSIS/Include/cmsis_gcc.h **** {
 279:Drivers/CMSIS/Include/cmsis_gcc.h ****   __ASM volatile ("MSR psp, %0" : : "r" (topOfProcStack) : );
 280:Drivers/CMSIS/Include/cmsis_gcc.h **** }
 281:Drivers/CMSIS/Include/cmsis_gcc.h **** 
 282:Drivers/CMSIS/Include/cmsis_gcc.h **** 
 283:Drivers/CMSIS/Include/cmsis_gcc.h **** #if (defined (__ARM_FEATURE_CMSE ) && (__ARM_FEATURE_CMSE == 3))
 284:Drivers/CMSIS/Include/cmsis_gcc.h **** /**
 285:Drivers/CMSIS/Include/cmsis_gcc.h ****   \brief   Set Process Stack Pointer (non-secure)
 286:Drivers/CMSIS/Include/cmsis_gcc.h ****   \details Assigns the given value to the non-secure Process Stack Pointer (PSP) when in secure sta
 287:Drivers/CMSIS/Include/cmsis_gcc.h ****   \param [in]    topOfProcStack  Process Stack Pointer value to set
 288:Drivers/CMSIS/Include/cmsis_gcc.h ****  */
 289:Drivers/CMSIS/Include/cmsis_gcc.h **** __STATIC_FORCEINLINE void __TZ_set_PSP_NS(uint32_t topOfProcStack)
 290:Drivers/CMSIS/Include/cmsis_gcc.h **** {
 291:Drivers/CMSIS/Include/cmsis_gcc.h ****   __ASM volatile ("MSR psp_ns, %0" : : "r" (topOfProcStack) : );
 292:Drivers/CMSIS/Include/cmsis_gcc.h **** }
 293:Drivers/CMSIS/Include/cmsis_gcc.h **** #endif
 294:Drivers/CMSIS/Include/cmsis_gcc.h **** 
 295:Drivers/CMSIS/Include/cmsis_gcc.h **** 
 296:Drivers/CMSIS/Include/cmsis_gcc.h **** /**
ARM GAS  C:\Users\zafee\AppData\Local\Temp\ccLgPZH2.s 			page 8


 297:Drivers/CMSIS/Include/cmsis_gcc.h ****   \brief   Get Main Stack Pointer
 298:Drivers/CMSIS/Include/cmsis_gcc.h ****   \details Returns the current value of the Main Stack Pointer (MSP).
 299:Drivers/CMSIS/Include/cmsis_gcc.h ****   \return               MSP Register value
 300:Drivers/CMSIS/Include/cmsis_gcc.h ****  */
 301:Drivers/CMSIS/Include/cmsis_gcc.h **** __STATIC_FORCEINLINE uint32_t __get_MSP(void)
 302:Drivers/CMSIS/Include/cmsis_gcc.h **** {
 303:Drivers/CMSIS/Include/cmsis_gcc.h ****   uint32_t result;
 304:Drivers/CMSIS/Include/cmsis_gcc.h **** 
 305:Drivers/CMSIS/Include/cmsis_gcc.h ****   __ASM volatile ("MRS %0, msp" : "=r" (result) );
 306:Drivers/CMSIS/Include/cmsis_gcc.h ****   return(result);
 307:Drivers/CMSIS/Include/cmsis_gcc.h **** }
 308:Drivers/CMSIS/Include/cmsis_gcc.h **** 
 309:Drivers/CMSIS/Include/cmsis_gcc.h **** 
 310:Drivers/CMSIS/Include/cmsis_gcc.h **** #if (defined (__ARM_FEATURE_CMSE ) && (__ARM_FEATURE_CMSE == 3))
 311:Drivers/CMSIS/Include/cmsis_gcc.h **** /**
 312:Drivers/CMSIS/Include/cmsis_gcc.h ****   \brief   Get Main Stack Pointer (non-secure)
 313:Drivers/CMSIS/Include/cmsis_gcc.h ****   \details Returns the current value of the non-secure Main Stack Pointer (MSP) when in secure stat
 314:Drivers/CMSIS/Include/cmsis_gcc.h ****   \return               MSP Register value
 315:Drivers/CMSIS/Include/cmsis_gcc.h ****  */
 316:Drivers/CMSIS/Include/cmsis_gcc.h **** __STATIC_FORCEINLINE uint32_t __TZ_get_MSP_NS(void)
 317:Drivers/CMSIS/Include/cmsis_gcc.h **** {
 318:Drivers/CMSIS/Include/cmsis_gcc.h ****   uint32_t result;
 319:Drivers/CMSIS/Include/cmsis_gcc.h **** 
 320:Drivers/CMSIS/Include/cmsis_gcc.h ****   __ASM volatile ("MRS %0, msp_ns" : "=r" (result) );
 321:Drivers/CMSIS/Include/cmsis_gcc.h ****   return(result);
 322:Drivers/CMSIS/Include/cmsis_gcc.h **** }
 323:Drivers/CMSIS/Include/cmsis_gcc.h **** #endif
 324:Drivers/CMSIS/Include/cmsis_gcc.h **** 
 325:Drivers/CMSIS/Include/cmsis_gcc.h **** 
 326:Drivers/CMSIS/Include/cmsis_gcc.h **** /**
 327:Drivers/CMSIS/Include/cmsis_gcc.h ****   \brief   Set Main Stack Pointer
 328:Drivers/CMSIS/Include/cmsis_gcc.h ****   \details Assigns the given value to the Main Stack Pointer (MSP).
 329:Drivers/CMSIS/Include/cmsis_gcc.h ****   \param [in]    topOfMainStack  Main Stack Pointer value to set
 330:Drivers/CMSIS/Include/cmsis_gcc.h ****  */
 331:Drivers/CMSIS/Include/cmsis_gcc.h **** __STATIC_FORCEINLINE void __set_MSP(uint32_t topOfMainStack)
 332:Drivers/CMSIS/Include/cmsis_gcc.h **** {
 333:Drivers/CMSIS/Include/cmsis_gcc.h ****   __ASM volatile ("MSR msp, %0" : : "r" (topOfMainStack) : );
 334:Drivers/CMSIS/Include/cmsis_gcc.h **** }
 335:Drivers/CMSIS/Include/cmsis_gcc.h **** 
 336:Drivers/CMSIS/Include/cmsis_gcc.h **** 
 337:Drivers/CMSIS/Include/cmsis_gcc.h **** #if (defined (__ARM_FEATURE_CMSE ) && (__ARM_FEATURE_CMSE == 3))
 338:Drivers/CMSIS/Include/cmsis_gcc.h **** /**
 339:Drivers/CMSIS/Include/cmsis_gcc.h ****   \brief   Set Main Stack Pointer (non-secure)
 340:Drivers/CMSIS/Include/cmsis_gcc.h ****   \details Assigns the given value to the non-secure Main Stack Pointer (MSP) when in secure state.
 341:Drivers/CMSIS/Include/cmsis_gcc.h ****   \param [in]    topOfMainStack  Main Stack Pointer value to set
 342:Drivers/CMSIS/Include/cmsis_gcc.h ****  */
 343:Drivers/CMSIS/Include/cmsis_gcc.h **** __STATIC_FORCEINLINE void __TZ_set_MSP_NS(uint32_t topOfMainStack)
 344:Drivers/CMSIS/Include/cmsis_gcc.h **** {
 345:Drivers/CMSIS/Include/cmsis_gcc.h ****   __ASM volatile ("MSR msp_ns, %0" : : "r" (topOfMainStack) : );
 346:Drivers/CMSIS/Include/cmsis_gcc.h **** }
 347:Drivers/CMSIS/Include/cmsis_gcc.h **** #endif
 348:Drivers/CMSIS/Include/cmsis_gcc.h **** 
 349:Drivers/CMSIS/Include/cmsis_gcc.h **** 
 350:Drivers/CMSIS/Include/cmsis_gcc.h **** #if (defined (__ARM_FEATURE_CMSE ) && (__ARM_FEATURE_CMSE == 3))
 351:Drivers/CMSIS/Include/cmsis_gcc.h **** /**
 352:Drivers/CMSIS/Include/cmsis_gcc.h ****   \brief   Get Stack Pointer (non-secure)
 353:Drivers/CMSIS/Include/cmsis_gcc.h ****   \details Returns the current value of the non-secure Stack Pointer (SP) when in secure state.
ARM GAS  C:\Users\zafee\AppData\Local\Temp\ccLgPZH2.s 			page 9


 354:Drivers/CMSIS/Include/cmsis_gcc.h ****   \return               SP Register value
 355:Drivers/CMSIS/Include/cmsis_gcc.h ****  */
 356:Drivers/CMSIS/Include/cmsis_gcc.h **** __STATIC_FORCEINLINE uint32_t __TZ_get_SP_NS(void)
 357:Drivers/CMSIS/Include/cmsis_gcc.h **** {
 358:Drivers/CMSIS/Include/cmsis_gcc.h ****   uint32_t result;
 359:Drivers/CMSIS/Include/cmsis_gcc.h **** 
 360:Drivers/CMSIS/Include/cmsis_gcc.h ****   __ASM volatile ("MRS %0, sp_ns" : "=r" (result) );
 361:Drivers/CMSIS/Include/cmsis_gcc.h ****   return(result);
 362:Drivers/CMSIS/Include/cmsis_gcc.h **** }
 363:Drivers/CMSIS/Include/cmsis_gcc.h **** 
 364:Drivers/CMSIS/Include/cmsis_gcc.h **** 
 365:Drivers/CMSIS/Include/cmsis_gcc.h **** /**
 366:Drivers/CMSIS/Include/cmsis_gcc.h ****   \brief   Set Stack Pointer (non-secure)
 367:Drivers/CMSIS/Include/cmsis_gcc.h ****   \details Assigns the given value to the non-secure Stack Pointer (SP) when in secure state.
 368:Drivers/CMSIS/Include/cmsis_gcc.h ****   \param [in]    topOfStack  Stack Pointer value to set
 369:Drivers/CMSIS/Include/cmsis_gcc.h ****  */
 370:Drivers/CMSIS/Include/cmsis_gcc.h **** __STATIC_FORCEINLINE void __TZ_set_SP_NS(uint32_t topOfStack)
 371:Drivers/CMSIS/Include/cmsis_gcc.h **** {
 372:Drivers/CMSIS/Include/cmsis_gcc.h ****   __ASM volatile ("MSR sp_ns, %0" : : "r" (topOfStack) : );
 373:Drivers/CMSIS/Include/cmsis_gcc.h **** }
 374:Drivers/CMSIS/Include/cmsis_gcc.h **** #endif
 375:Drivers/CMSIS/Include/cmsis_gcc.h **** 
 376:Drivers/CMSIS/Include/cmsis_gcc.h **** 
 377:Drivers/CMSIS/Include/cmsis_gcc.h **** /**
 378:Drivers/CMSIS/Include/cmsis_gcc.h ****   \brief   Get Priority Mask
 379:Drivers/CMSIS/Include/cmsis_gcc.h ****   \details Returns the current state of the priority mask bit from the Priority Mask Register.
 380:Drivers/CMSIS/Include/cmsis_gcc.h ****   \return               Priority Mask value
 381:Drivers/CMSIS/Include/cmsis_gcc.h ****  */
 382:Drivers/CMSIS/Include/cmsis_gcc.h **** __STATIC_FORCEINLINE uint32_t __get_PRIMASK(void)
  67              		.loc 2 382 31 view .LVU10
  68              	.LBB69:
 383:Drivers/CMSIS/Include/cmsis_gcc.h **** {
 384:Drivers/CMSIS/Include/cmsis_gcc.h ****   uint32_t result;
  69              		.loc 2 384 3 view .LVU11
 385:Drivers/CMSIS/Include/cmsis_gcc.h **** 
 386:Drivers/CMSIS/Include/cmsis_gcc.h ****   __ASM volatile ("MRS %0, primask" : "=r" (result) :: "memory");
  70              		.loc 2 386 3 view .LVU12
  71              		.syntax unified
  72              	@ 386 "Drivers/CMSIS/Include/cmsis_gcc.h" 1
  73 0000 EFF31083 		MRS r3, primask
  74              	@ 0 "" 2
  75              	.LVL2:
 387:Drivers/CMSIS/Include/cmsis_gcc.h ****   return(result);
  76              		.loc 2 387 3 view .LVU13
  77              		.loc 2 387 3 is_stmt 0 view .LVU14
  78              		.thumb
  79              		.syntax unified
  80              	.LBE69:
  81              	.LBE68:
  41:Middlewares/ST/BlueNRG-2/utils/ble_list.c ****   __disable_irq();                  /**< Disable all interrupts by setting PRIMASK bit on Cortex*/
  82              		.loc 1 41 3 is_stmt 1 view .LVU15
  83              	.LBB70:
  84              	.LBI70:
 140:Drivers/CMSIS/Include/cmsis_gcc.h **** {
  85              		.loc 2 140 27 view .LVU16
  86              	.LBB71:
 142:Drivers/CMSIS/Include/cmsis_gcc.h **** }
ARM GAS  C:\Users\zafee\AppData\Local\Temp\ccLgPZH2.s 			page 10


  87              		.loc 2 142 3 view .LVU17
  88              		.syntax unified
  89              	@ 142 "Drivers/CMSIS/Include/cmsis_gcc.h" 1
  90 0004 72B6     		cpsid i
  91              	@ 0 "" 2
  92              		.thumb
  93              		.syntax unified
  94              	.LBE71:
  95              	.LBE70:
  42:Middlewares/ST/BlueNRG-2/utils/ble_list.c ****    
  43:Middlewares/ST/BlueNRG-2/utils/ble_list.c ****   if(listHead->next == listHead)
  96              		.loc 1 43 3 view .LVU18
  97              		.loc 1 43 14 is_stmt 0 view .LVU19
  98 0006 0268     		ldr	r2, [r0]
  99              		.loc 1 43 5 view .LVU20
 100 0008 8242     		cmp	r2, r0
 101 000a 03D0     		beq	.L5
  44:Middlewares/ST/BlueNRG-2/utils/ble_list.c ****   {
  45:Middlewares/ST/BlueNRG-2/utils/ble_list.c ****     return_value = 1;
  46:Middlewares/ST/BlueNRG-2/utils/ble_list.c ****   }
  47:Middlewares/ST/BlueNRG-2/utils/ble_list.c ****   else
  48:Middlewares/ST/BlueNRG-2/utils/ble_list.c ****   {
  49:Middlewares/ST/BlueNRG-2/utils/ble_list.c ****     return_value = 0;
 102              		.loc 1 49 18 view .LVU21
 103 000c 0020     		movs	r0, #0
 104              	.LVL3:
 105              	.L3:
  50:Middlewares/ST/BlueNRG-2/utils/ble_list.c ****   }
  51:Middlewares/ST/BlueNRG-2/utils/ble_list.c ****   
  52:Middlewares/ST/BlueNRG-2/utils/ble_list.c ****   __set_PRIMASK(uwPRIMASK_Bit);     /**< Restore PRIMASK bit*/
 106              		.loc 1 52 3 is_stmt 1 view .LVU22
 107              	.LBB72:
 108              	.LBI72:
 388:Drivers/CMSIS/Include/cmsis_gcc.h **** }
 389:Drivers/CMSIS/Include/cmsis_gcc.h **** 
 390:Drivers/CMSIS/Include/cmsis_gcc.h **** 
 391:Drivers/CMSIS/Include/cmsis_gcc.h **** #if (defined (__ARM_FEATURE_CMSE ) && (__ARM_FEATURE_CMSE == 3))
 392:Drivers/CMSIS/Include/cmsis_gcc.h **** /**
 393:Drivers/CMSIS/Include/cmsis_gcc.h ****   \brief   Get Priority Mask (non-secure)
 394:Drivers/CMSIS/Include/cmsis_gcc.h ****   \details Returns the current state of the non-secure priority mask bit from the Priority Mask Reg
 395:Drivers/CMSIS/Include/cmsis_gcc.h ****   \return               Priority Mask value
 396:Drivers/CMSIS/Include/cmsis_gcc.h ****  */
 397:Drivers/CMSIS/Include/cmsis_gcc.h **** __STATIC_FORCEINLINE uint32_t __TZ_get_PRIMASK_NS(void)
 398:Drivers/CMSIS/Include/cmsis_gcc.h **** {
 399:Drivers/CMSIS/Include/cmsis_gcc.h ****   uint32_t result;
 400:Drivers/CMSIS/Include/cmsis_gcc.h **** 
 401:Drivers/CMSIS/Include/cmsis_gcc.h ****   __ASM volatile ("MRS %0, primask_ns" : "=r" (result) :: "memory");
 402:Drivers/CMSIS/Include/cmsis_gcc.h ****   return(result);
 403:Drivers/CMSIS/Include/cmsis_gcc.h **** }
 404:Drivers/CMSIS/Include/cmsis_gcc.h **** #endif
 405:Drivers/CMSIS/Include/cmsis_gcc.h **** 
 406:Drivers/CMSIS/Include/cmsis_gcc.h **** 
 407:Drivers/CMSIS/Include/cmsis_gcc.h **** /**
 408:Drivers/CMSIS/Include/cmsis_gcc.h ****   \brief   Set Priority Mask
 409:Drivers/CMSIS/Include/cmsis_gcc.h ****   \details Assigns the given value to the Priority Mask Register.
 410:Drivers/CMSIS/Include/cmsis_gcc.h ****   \param [in]    priMask  Priority Mask
 411:Drivers/CMSIS/Include/cmsis_gcc.h ****  */
ARM GAS  C:\Users\zafee\AppData\Local\Temp\ccLgPZH2.s 			page 11


 412:Drivers/CMSIS/Include/cmsis_gcc.h **** __STATIC_FORCEINLINE void __set_PRIMASK(uint32_t priMask)
 109              		.loc 2 412 27 view .LVU23
 110              	.LBB73:
 413:Drivers/CMSIS/Include/cmsis_gcc.h **** {
 414:Drivers/CMSIS/Include/cmsis_gcc.h ****   __ASM volatile ("MSR primask, %0" : : "r" (priMask) : "memory");
 111              		.loc 2 414 3 view .LVU24
 112              		.syntax unified
 113              	@ 414 "Drivers/CMSIS/Include/cmsis_gcc.h" 1
 114 000e 83F31088 		MSR primask, r3
 115              	@ 0 "" 2
 116              		.thumb
 117              		.syntax unified
 118              	.LBE73:
 119              	.LBE72:
  53:Middlewares/ST/BlueNRG-2/utils/ble_list.c ****   
  54:Middlewares/ST/BlueNRG-2/utils/ble_list.c ****   return return_value;
 120              		.loc 1 54 3 view .LVU25
  55:Middlewares/ST/BlueNRG-2/utils/ble_list.c **** }
 121              		.loc 1 55 1 is_stmt 0 view .LVU26
 122 0012 7047     		bx	lr
 123              	.LVL4:
 124              	.L5:
  45:Middlewares/ST/BlueNRG-2/utils/ble_list.c ****   }
 125              		.loc 1 45 18 view .LVU27
 126 0014 0120     		movs	r0, #1
 127              	.LVL5:
  45:Middlewares/ST/BlueNRG-2/utils/ble_list.c ****   }
 128              		.loc 1 45 18 view .LVU28
 129 0016 FAE7     		b	.L3
 130              		.cfi_endproc
 131              	.LFE134:
 133              		.section	.text.list_insert_head,"ax",%progbits
 134              		.align	1
 135              		.global	list_insert_head
 136              		.syntax unified
 137              		.thumb
 138              		.thumb_func
 140              	list_insert_head:
 141              	.LVL6:
 142              	.LFB135:
  56:Middlewares/ST/BlueNRG-2/utils/ble_list.c **** 
  57:Middlewares/ST/BlueNRG-2/utils/ble_list.c **** void list_insert_head (tListNode * listHead, tListNode * node)
  58:Middlewares/ST/BlueNRG-2/utils/ble_list.c **** {
 143              		.loc 1 58 1 is_stmt 1 view -0
 144              		.cfi_startproc
 145              		@ args = 0, pretend = 0, frame = 0
 146              		@ frame_needed = 0, uses_anonymous_args = 0
 147              		@ link register save eliminated.
  59:Middlewares/ST/BlueNRG-2/utils/ble_list.c ****   uint32_t uwPRIMASK_Bit;
 148              		.loc 1 59 3 view .LVU30
  60:Middlewares/ST/BlueNRG-2/utils/ble_list.c ****   uwPRIMASK_Bit = __get_PRIMASK();  /**< backup PRIMASK bit */
 149              		.loc 1 60 3 view .LVU31
 150              	.LBB74:
 151              	.LBI74:
 382:Drivers/CMSIS/Include/cmsis_gcc.h **** {
 152              		.loc 2 382 31 view .LVU32
 153              	.LBB75:
ARM GAS  C:\Users\zafee\AppData\Local\Temp\ccLgPZH2.s 			page 12


 384:Drivers/CMSIS/Include/cmsis_gcc.h **** 
 154              		.loc 2 384 3 view .LVU33
 386:Drivers/CMSIS/Include/cmsis_gcc.h ****   return(result);
 155              		.loc 2 386 3 view .LVU34
 156              		.syntax unified
 157              	@ 386 "Drivers/CMSIS/Include/cmsis_gcc.h" 1
 158 0000 EFF31083 		MRS r3, primask
 159              	@ 0 "" 2
 160              	.LVL7:
 387:Drivers/CMSIS/Include/cmsis_gcc.h **** }
 161              		.loc 2 387 3 view .LVU35
 387:Drivers/CMSIS/Include/cmsis_gcc.h **** }
 162              		.loc 2 387 3 is_stmt 0 view .LVU36
 163              		.thumb
 164              		.syntax unified
 165              	.LBE75:
 166              	.LBE74:
  61:Middlewares/ST/BlueNRG-2/utils/ble_list.c ****   __disable_irq();                  /**< Disable all interrupts by setting PRIMASK bit on Cortex*/
 167              		.loc 1 61 3 is_stmt 1 view .LVU37
 168              	.LBB76:
 169              	.LBI76:
 140:Drivers/CMSIS/Include/cmsis_gcc.h **** {
 170              		.loc 2 140 27 view .LVU38
 171              	.LBB77:
 142:Drivers/CMSIS/Include/cmsis_gcc.h **** }
 172              		.loc 2 142 3 view .LVU39
 173              		.syntax unified
 174              	@ 142 "Drivers/CMSIS/Include/cmsis_gcc.h" 1
 175 0004 72B6     		cpsid i
 176              	@ 0 "" 2
 177              		.thumb
 178              		.syntax unified
 179              	.LBE77:
 180              	.LBE76:
  62:Middlewares/ST/BlueNRG-2/utils/ble_list.c ****   
  63:Middlewares/ST/BlueNRG-2/utils/ble_list.c ****   node->next = listHead->next;
 181              		.loc 1 63 3 view .LVU40
 182              		.loc 1 63 24 is_stmt 0 view .LVU41
 183 0006 0268     		ldr	r2, [r0]
 184              		.loc 1 63 14 view .LVU42
 185 0008 0A60     		str	r2, [r1]
  64:Middlewares/ST/BlueNRG-2/utils/ble_list.c ****   node->prev = listHead;
 186              		.loc 1 64 3 is_stmt 1 view .LVU43
 187              		.loc 1 64 14 is_stmt 0 view .LVU44
 188 000a 4860     		str	r0, [r1, #4]
  65:Middlewares/ST/BlueNRG-2/utils/ble_list.c ****   listHead->next = node;
 189              		.loc 1 65 3 is_stmt 1 view .LVU45
 190              		.loc 1 65 18 is_stmt 0 view .LVU46
 191 000c 0160     		str	r1, [r0]
  66:Middlewares/ST/BlueNRG-2/utils/ble_list.c ****   (node->next)->prev = node;
 192              		.loc 1 66 3 is_stmt 1 view .LVU47
 193              		.loc 1 66 8 is_stmt 0 view .LVU48
 194 000e 0A68     		ldr	r2, [r1]
 195              		.loc 1 66 22 view .LVU49
 196 0010 5160     		str	r1, [r2, #4]
  67:Middlewares/ST/BlueNRG-2/utils/ble_list.c ****   
  68:Middlewares/ST/BlueNRG-2/utils/ble_list.c ****   __set_PRIMASK(uwPRIMASK_Bit);     /**< Restore PRIMASK bit*/
ARM GAS  C:\Users\zafee\AppData\Local\Temp\ccLgPZH2.s 			page 13


 197              		.loc 1 68 3 is_stmt 1 view .LVU50
 198              	.LVL8:
 199              	.LBB78:
 200              	.LBI78:
 412:Drivers/CMSIS/Include/cmsis_gcc.h **** {
 201              		.loc 2 412 27 view .LVU51
 202              	.LBB79:
 203              		.loc 2 414 3 view .LVU52
 204              		.syntax unified
 205              	@ 414 "Drivers/CMSIS/Include/cmsis_gcc.h" 1
 206 0012 83F31088 		MSR primask, r3
 207              	@ 0 "" 2
 208              	.LVL9:
 209              		.loc 2 414 3 is_stmt 0 view .LVU53
 210              		.thumb
 211              		.syntax unified
 212              	.LBE79:
 213              	.LBE78:
  69:Middlewares/ST/BlueNRG-2/utils/ble_list.c **** }
 214              		.loc 1 69 1 view .LVU54
 215 0016 7047     		bx	lr
 216              		.cfi_endproc
 217              	.LFE135:
 219              		.section	.text.list_insert_tail,"ax",%progbits
 220              		.align	1
 221              		.global	list_insert_tail
 222              		.syntax unified
 223              		.thumb
 224              		.thumb_func
 226              	list_insert_tail:
 227              	.LVL10:
 228              	.LFB136:
  70:Middlewares/ST/BlueNRG-2/utils/ble_list.c **** 
  71:Middlewares/ST/BlueNRG-2/utils/ble_list.c **** void list_insert_tail (tListNode * listHead, tListNode * node)
  72:Middlewares/ST/BlueNRG-2/utils/ble_list.c **** {
 229              		.loc 1 72 1 is_stmt 1 view -0
 230              		.cfi_startproc
 231              		@ args = 0, pretend = 0, frame = 0
 232              		@ frame_needed = 0, uses_anonymous_args = 0
 233              		@ link register save eliminated.
  73:Middlewares/ST/BlueNRG-2/utils/ble_list.c ****   uint32_t uwPRIMASK_Bit;
 234              		.loc 1 73 3 view .LVU56
  74:Middlewares/ST/BlueNRG-2/utils/ble_list.c ****   uwPRIMASK_Bit = __get_PRIMASK();  /**< backup PRIMASK bit */
 235              		.loc 1 74 3 view .LVU57
 236              	.LBB80:
 237              	.LBI80:
 382:Drivers/CMSIS/Include/cmsis_gcc.h **** {
 238              		.loc 2 382 31 view .LVU58
 239              	.LBB81:
 384:Drivers/CMSIS/Include/cmsis_gcc.h **** 
 240              		.loc 2 384 3 view .LVU59
 386:Drivers/CMSIS/Include/cmsis_gcc.h ****   return(result);
 241              		.loc 2 386 3 view .LVU60
 242              		.syntax unified
 243              	@ 386 "Drivers/CMSIS/Include/cmsis_gcc.h" 1
 244 0000 EFF31083 		MRS r3, primask
 245              	@ 0 "" 2
ARM GAS  C:\Users\zafee\AppData\Local\Temp\ccLgPZH2.s 			page 14


 246              	.LVL11:
 387:Drivers/CMSIS/Include/cmsis_gcc.h **** }
 247              		.loc 2 387 3 view .LVU61
 387:Drivers/CMSIS/Include/cmsis_gcc.h **** }
 248              		.loc 2 387 3 is_stmt 0 view .LVU62
 249              		.thumb
 250              		.syntax unified
 251              	.LBE81:
 252              	.LBE80:
  75:Middlewares/ST/BlueNRG-2/utils/ble_list.c ****   __disable_irq();                  /**< Disable all interrupts by setting PRIMASK bit on Cortex*/
 253              		.loc 1 75 3 is_stmt 1 view .LVU63
 254              	.LBB82:
 255              	.LBI82:
 140:Drivers/CMSIS/Include/cmsis_gcc.h **** {
 256              		.loc 2 140 27 view .LVU64
 257              	.LBB83:
 142:Drivers/CMSIS/Include/cmsis_gcc.h **** }
 258              		.loc 2 142 3 view .LVU65
 259              		.syntax unified
 260              	@ 142 "Drivers/CMSIS/Include/cmsis_gcc.h" 1
 261 0004 72B6     		cpsid i
 262              	@ 0 "" 2
 263              		.thumb
 264              		.syntax unified
 265              	.LBE83:
 266              	.LBE82:
  76:Middlewares/ST/BlueNRG-2/utils/ble_list.c ****   
  77:Middlewares/ST/BlueNRG-2/utils/ble_list.c ****   node->next = listHead;
 267              		.loc 1 77 3 view .LVU66
 268              		.loc 1 77 14 is_stmt 0 view .LVU67
 269 0006 0860     		str	r0, [r1]
  78:Middlewares/ST/BlueNRG-2/utils/ble_list.c ****   node->prev = listHead->prev;
 270              		.loc 1 78 3 is_stmt 1 view .LVU68
 271              		.loc 1 78 24 is_stmt 0 view .LVU69
 272 0008 4268     		ldr	r2, [r0, #4]
 273              		.loc 1 78 14 view .LVU70
 274 000a 4A60     		str	r2, [r1, #4]
  79:Middlewares/ST/BlueNRG-2/utils/ble_list.c ****   listHead->prev = node;
 275              		.loc 1 79 3 is_stmt 1 view .LVU71
 276              		.loc 1 79 18 is_stmt 0 view .LVU72
 277 000c 4160     		str	r1, [r0, #4]
  80:Middlewares/ST/BlueNRG-2/utils/ble_list.c ****   (node->prev)->next = node;
 278              		.loc 1 80 3 is_stmt 1 view .LVU73
 279              		.loc 1 80 8 is_stmt 0 view .LVU74
 280 000e 4A68     		ldr	r2, [r1, #4]
 281              		.loc 1 80 22 view .LVU75
 282 0010 1160     		str	r1, [r2]
  81:Middlewares/ST/BlueNRG-2/utils/ble_list.c ****   
  82:Middlewares/ST/BlueNRG-2/utils/ble_list.c ****   __set_PRIMASK(uwPRIMASK_Bit);     /**< Restore PRIMASK bit*/
 283              		.loc 1 82 3 is_stmt 1 view .LVU76
 284              	.LVL12:
 285              	.LBB84:
 286              	.LBI84:
 412:Drivers/CMSIS/Include/cmsis_gcc.h **** {
 287              		.loc 2 412 27 view .LVU77
 288              	.LBB85:
 289              		.loc 2 414 3 view .LVU78
ARM GAS  C:\Users\zafee\AppData\Local\Temp\ccLgPZH2.s 			page 15


 290              		.syntax unified
 291              	@ 414 "Drivers/CMSIS/Include/cmsis_gcc.h" 1
 292 0012 83F31088 		MSR primask, r3
 293              	@ 0 "" 2
 294              	.LVL13:
 295              		.loc 2 414 3 is_stmt 0 view .LVU79
 296              		.thumb
 297              		.syntax unified
 298              	.LBE85:
 299              	.LBE84:
  83:Middlewares/ST/BlueNRG-2/utils/ble_list.c **** }
 300              		.loc 1 83 1 view .LVU80
 301 0016 7047     		bx	lr
 302              		.cfi_endproc
 303              	.LFE136:
 305              		.section	.text.list_remove_node,"ax",%progbits
 306              		.align	1
 307              		.global	list_remove_node
 308              		.syntax unified
 309              		.thumb
 310              		.thumb_func
 312              	list_remove_node:
 313              	.LVL14:
 314              	.LFB137:
  84:Middlewares/ST/BlueNRG-2/utils/ble_list.c **** 
  85:Middlewares/ST/BlueNRG-2/utils/ble_list.c **** void list_remove_node (tListNode * node)
  86:Middlewares/ST/BlueNRG-2/utils/ble_list.c **** {
 315              		.loc 1 86 1 is_stmt 1 view -0
 316              		.cfi_startproc
 317              		@ args = 0, pretend = 0, frame = 0
 318              		@ frame_needed = 0, uses_anonymous_args = 0
 319              		@ link register save eliminated.
  87:Middlewares/ST/BlueNRG-2/utils/ble_list.c ****   uint32_t uwPRIMASK_Bit;
 320              		.loc 1 87 3 view .LVU82
  88:Middlewares/ST/BlueNRG-2/utils/ble_list.c ****   uwPRIMASK_Bit = __get_PRIMASK();  /**< backup PRIMASK bit */
 321              		.loc 1 88 3 view .LVU83
 322              	.LBB86:
 323              	.LBI86:
 382:Drivers/CMSIS/Include/cmsis_gcc.h **** {
 324              		.loc 2 382 31 view .LVU84
 325              	.LBB87:
 384:Drivers/CMSIS/Include/cmsis_gcc.h **** 
 326              		.loc 2 384 3 view .LVU85
 386:Drivers/CMSIS/Include/cmsis_gcc.h ****   return(result);
 327              		.loc 2 386 3 view .LVU86
 328              		.syntax unified
 329              	@ 386 "Drivers/CMSIS/Include/cmsis_gcc.h" 1
 330 0000 EFF31082 		MRS r2, primask
 331              	@ 0 "" 2
 332              	.LVL15:
 387:Drivers/CMSIS/Include/cmsis_gcc.h **** }
 333              		.loc 2 387 3 view .LVU87
 387:Drivers/CMSIS/Include/cmsis_gcc.h **** }
 334              		.loc 2 387 3 is_stmt 0 view .LVU88
 335              		.thumb
 336              		.syntax unified
 337              	.LBE87:
ARM GAS  C:\Users\zafee\AppData\Local\Temp\ccLgPZH2.s 			page 16


 338              	.LBE86:
  89:Middlewares/ST/BlueNRG-2/utils/ble_list.c ****   __disable_irq();                  /**< Disable all interrupts by setting PRIMASK bit on Cortex*/
 339              		.loc 1 89 3 is_stmt 1 view .LVU89
 340              	.LBB88:
 341              	.LBI88:
 140:Drivers/CMSIS/Include/cmsis_gcc.h **** {
 342              		.loc 2 140 27 view .LVU90
 343              	.LBB89:
 142:Drivers/CMSIS/Include/cmsis_gcc.h **** }
 344              		.loc 2 142 3 view .LVU91
 345              		.syntax unified
 346              	@ 142 "Drivers/CMSIS/Include/cmsis_gcc.h" 1
 347 0004 72B6     		cpsid i
 348              	@ 0 "" 2
 349              		.thumb
 350              		.syntax unified
 351              	.LBE89:
 352              	.LBE88:
  90:Middlewares/ST/BlueNRG-2/utils/ble_list.c ****   
  91:Middlewares/ST/BlueNRG-2/utils/ble_list.c ****   (node->prev)->next = node->next;
 353              		.loc 1 91 3 view .LVU92
 354              		.loc 1 91 8 is_stmt 0 view .LVU93
 355 0006 4168     		ldr	r1, [r0, #4]
 356              		.loc 1 91 28 view .LVU94
 357 0008 0368     		ldr	r3, [r0]
 358              		.loc 1 91 22 view .LVU95
 359 000a 0B60     		str	r3, [r1]
  92:Middlewares/ST/BlueNRG-2/utils/ble_list.c ****   (node->next)->prev = node->prev;
 360              		.loc 1 92 3 is_stmt 1 view .LVU96
 361              		.loc 1 92 28 is_stmt 0 view .LVU97
 362 000c 4168     		ldr	r1, [r0, #4]
 363              		.loc 1 92 22 view .LVU98
 364 000e 5960     		str	r1, [r3, #4]
  93:Middlewares/ST/BlueNRG-2/utils/ble_list.c ****   
  94:Middlewares/ST/BlueNRG-2/utils/ble_list.c ****   __set_PRIMASK(uwPRIMASK_Bit);     /**< Restore PRIMASK bit*/
 365              		.loc 1 94 3 is_stmt 1 view .LVU99
 366              	.LVL16:
 367              	.LBB90:
 368              	.LBI90:
 412:Drivers/CMSIS/Include/cmsis_gcc.h **** {
 369              		.loc 2 412 27 view .LVU100
 370              	.LBB91:
 371              		.loc 2 414 3 view .LVU101
 372              		.syntax unified
 373              	@ 414 "Drivers/CMSIS/Include/cmsis_gcc.h" 1
 374 0010 82F31088 		MSR primask, r2
 375              	@ 0 "" 2
 376              	.LVL17:
 377              		.loc 2 414 3 is_stmt 0 view .LVU102
 378              		.thumb
 379              		.syntax unified
 380              	.LBE91:
 381              	.LBE90:
  95:Middlewares/ST/BlueNRG-2/utils/ble_list.c **** }
 382              		.loc 1 95 1 view .LVU103
 383 0014 7047     		bx	lr
 384              		.cfi_endproc
ARM GAS  C:\Users\zafee\AppData\Local\Temp\ccLgPZH2.s 			page 17


 385              	.LFE137:
 387              		.section	.text.list_remove_head,"ax",%progbits
 388              		.align	1
 389              		.global	list_remove_head
 390              		.syntax unified
 391              		.thumb
 392              		.thumb_func
 394              	list_remove_head:
 395              	.LVL18:
 396              	.LFB138:
  96:Middlewares/ST/BlueNRG-2/utils/ble_list.c **** 
  97:Middlewares/ST/BlueNRG-2/utils/ble_list.c **** void list_remove_head (tListNode * listHead, tListNode ** node )
  98:Middlewares/ST/BlueNRG-2/utils/ble_list.c **** {
 397              		.loc 1 98 1 is_stmt 1 view -0
 398              		.cfi_startproc
 399              		@ args = 0, pretend = 0, frame = 0
 400              		@ frame_needed = 0, uses_anonymous_args = 0
 401              		.loc 1 98 1 is_stmt 0 view .LVU105
 402 0000 38B5     		push	{r3, r4, r5, lr}
 403              		.cfi_def_cfa_offset 16
 404              		.cfi_offset 3, -16
 405              		.cfi_offset 4, -12
 406              		.cfi_offset 5, -8
 407              		.cfi_offset 14, -4
 408 0002 0C46     		mov	r4, r1
  99:Middlewares/ST/BlueNRG-2/utils/ble_list.c ****   uint32_t uwPRIMASK_Bit;
 409              		.loc 1 99 3 is_stmt 1 view .LVU106
 100:Middlewares/ST/BlueNRG-2/utils/ble_list.c ****   uwPRIMASK_Bit = __get_PRIMASK();  /**< backup PRIMASK bit */
 410              		.loc 1 100 3 view .LVU107
 411              	.LBB92:
 412              	.LBI92:
 382:Drivers/CMSIS/Include/cmsis_gcc.h **** {
 413              		.loc 2 382 31 view .LVU108
 414              	.LBB93:
 384:Drivers/CMSIS/Include/cmsis_gcc.h **** 
 415              		.loc 2 384 3 view .LVU109
 386:Drivers/CMSIS/Include/cmsis_gcc.h ****   return(result);
 416              		.loc 2 386 3 view .LVU110
 417              		.syntax unified
 418              	@ 386 "Drivers/CMSIS/Include/cmsis_gcc.h" 1
 419 0004 EFF31085 		MRS r5, primask
 420              	@ 0 "" 2
 421              	.LVL19:
 387:Drivers/CMSIS/Include/cmsis_gcc.h **** }
 422              		.loc 2 387 3 view .LVU111
 387:Drivers/CMSIS/Include/cmsis_gcc.h **** }
 423              		.loc 2 387 3 is_stmt 0 view .LVU112
 424              		.thumb
 425              		.syntax unified
 426              	.LBE93:
 427              	.LBE92:
 101:Middlewares/ST/BlueNRG-2/utils/ble_list.c ****   __disable_irq();                  /**< Disable all interrupts by setting PRIMASK bit on Cortex*/
 428              		.loc 1 101 3 is_stmt 1 view .LVU113
 429              	.LBB94:
 430              	.LBI94:
 140:Drivers/CMSIS/Include/cmsis_gcc.h **** {
 431              		.loc 2 140 27 view .LVU114
ARM GAS  C:\Users\zafee\AppData\Local\Temp\ccLgPZH2.s 			page 18


 432              	.LBB95:
 142:Drivers/CMSIS/Include/cmsis_gcc.h **** }
 433              		.loc 2 142 3 view .LVU115
 434              		.syntax unified
 435              	@ 142 "Drivers/CMSIS/Include/cmsis_gcc.h" 1
 436 0008 72B6     		cpsid i
 437              	@ 0 "" 2
 438              		.thumb
 439              		.syntax unified
 440              	.LBE95:
 441              	.LBE94:
 102:Middlewares/ST/BlueNRG-2/utils/ble_list.c ****   
 103:Middlewares/ST/BlueNRG-2/utils/ble_list.c ****   *node = listHead->next;
 442              		.loc 1 103 3 view .LVU116
 443              		.loc 1 103 19 is_stmt 0 view .LVU117
 444 000a 0068     		ldr	r0, [r0]
 445              	.LVL20:
 446              		.loc 1 103 9 view .LVU118
 447 000c 0860     		str	r0, [r1]
 104:Middlewares/ST/BlueNRG-2/utils/ble_list.c ****   list_remove_node (listHead->next);
 448              		.loc 1 104 3 is_stmt 1 view .LVU119
 449 000e FFF7FEFF 		bl	list_remove_node
 450              	.LVL21:
 105:Middlewares/ST/BlueNRG-2/utils/ble_list.c ****   (*node)->next = NULL;
 451              		.loc 1 105 3 view .LVU120
 452              		.loc 1 105 4 is_stmt 0 view .LVU121
 453 0012 2268     		ldr	r2, [r4]
 454              		.loc 1 105 17 view .LVU122
 455 0014 0023     		movs	r3, #0
 456 0016 1360     		str	r3, [r2]
 106:Middlewares/ST/BlueNRG-2/utils/ble_list.c ****   (*node)->prev = NULL;
 457              		.loc 1 106 3 is_stmt 1 view .LVU123
 458              		.loc 1 106 4 is_stmt 0 view .LVU124
 459 0018 2268     		ldr	r2, [r4]
 460              		.loc 1 106 17 view .LVU125
 461 001a 5360     		str	r3, [r2, #4]
 107:Middlewares/ST/BlueNRG-2/utils/ble_list.c ****   
 108:Middlewares/ST/BlueNRG-2/utils/ble_list.c ****   __set_PRIMASK(uwPRIMASK_Bit);     /**< Restore PRIMASK bit*/
 462              		.loc 1 108 3 is_stmt 1 view .LVU126
 463              	.LVL22:
 464              	.LBB96:
 465              	.LBI96:
 412:Drivers/CMSIS/Include/cmsis_gcc.h **** {
 466              		.loc 2 412 27 view .LVU127
 467              	.LBB97:
 468              		.loc 2 414 3 view .LVU128
 469              		.syntax unified
 470              	@ 414 "Drivers/CMSIS/Include/cmsis_gcc.h" 1
 471 001c 85F31088 		MSR primask, r5
 472              	@ 0 "" 2
 473              	.LVL23:
 474              		.loc 2 414 3 is_stmt 0 view .LVU129
 475              		.thumb
 476              		.syntax unified
 477              	.LBE97:
 478              	.LBE96:
 109:Middlewares/ST/BlueNRG-2/utils/ble_list.c **** }
ARM GAS  C:\Users\zafee\AppData\Local\Temp\ccLgPZH2.s 			page 19


 479              		.loc 1 109 1 view .LVU130
 480 0020 38BD     		pop	{r3, r4, r5, pc}
 481              		.loc 1 109 1 view .LVU131
 482              		.cfi_endproc
 483              	.LFE138:
 485              		.section	.text.list_remove_tail,"ax",%progbits
 486              		.align	1
 487              		.global	list_remove_tail
 488              		.syntax unified
 489              		.thumb
 490              		.thumb_func
 492              	list_remove_tail:
 493              	.LVL24:
 494              	.LFB139:
 110:Middlewares/ST/BlueNRG-2/utils/ble_list.c **** 
 111:Middlewares/ST/BlueNRG-2/utils/ble_list.c **** void list_remove_tail (tListNode * listHead, tListNode ** node )
 112:Middlewares/ST/BlueNRG-2/utils/ble_list.c **** {
 495              		.loc 1 112 1 is_stmt 1 view -0
 496              		.cfi_startproc
 497              		@ args = 0, pretend = 0, frame = 0
 498              		@ frame_needed = 0, uses_anonymous_args = 0
 499              		.loc 1 112 1 is_stmt 0 view .LVU133
 500 0000 38B5     		push	{r3, r4, r5, lr}
 501              		.cfi_def_cfa_offset 16
 502              		.cfi_offset 3, -16
 503              		.cfi_offset 4, -12
 504              		.cfi_offset 5, -8
 505              		.cfi_offset 14, -4
 506 0002 0C46     		mov	r4, r1
 113:Middlewares/ST/BlueNRG-2/utils/ble_list.c ****   uint32_t uwPRIMASK_Bit;
 507              		.loc 1 113 3 is_stmt 1 view .LVU134
 114:Middlewares/ST/BlueNRG-2/utils/ble_list.c ****   uwPRIMASK_Bit = __get_PRIMASK();  /**< backup PRIMASK bit */
 508              		.loc 1 114 3 view .LVU135
 509              	.LBB98:
 510              	.LBI98:
 382:Drivers/CMSIS/Include/cmsis_gcc.h **** {
 511              		.loc 2 382 31 view .LVU136
 512              	.LBB99:
 384:Drivers/CMSIS/Include/cmsis_gcc.h **** 
 513              		.loc 2 384 3 view .LVU137
 386:Drivers/CMSIS/Include/cmsis_gcc.h ****   return(result);
 514              		.loc 2 386 3 view .LVU138
 515              		.syntax unified
 516              	@ 386 "Drivers/CMSIS/Include/cmsis_gcc.h" 1
 517 0004 EFF31085 		MRS r5, primask
 518              	@ 0 "" 2
 519              	.LVL25:
 387:Drivers/CMSIS/Include/cmsis_gcc.h **** }
 520              		.loc 2 387 3 view .LVU139
 387:Drivers/CMSIS/Include/cmsis_gcc.h **** }
 521              		.loc 2 387 3 is_stmt 0 view .LVU140
 522              		.thumb
 523              		.syntax unified
 524              	.LBE99:
 525              	.LBE98:
 115:Middlewares/ST/BlueNRG-2/utils/ble_list.c ****   __disable_irq();                  /**< Disable all interrupts by setting PRIMASK bit on Cortex*/
 526              		.loc 1 115 3 is_stmt 1 view .LVU141
ARM GAS  C:\Users\zafee\AppData\Local\Temp\ccLgPZH2.s 			page 20


 527              	.LBB100:
 528              	.LBI100:
 140:Drivers/CMSIS/Include/cmsis_gcc.h **** {
 529              		.loc 2 140 27 view .LVU142
 530              	.LBB101:
 142:Drivers/CMSIS/Include/cmsis_gcc.h **** }
 531              		.loc 2 142 3 view .LVU143
 532              		.syntax unified
 533              	@ 142 "Drivers/CMSIS/Include/cmsis_gcc.h" 1
 534 0008 72B6     		cpsid i
 535              	@ 0 "" 2
 536              		.thumb
 537              		.syntax unified
 538              	.LBE101:
 539              	.LBE100:
 116:Middlewares/ST/BlueNRG-2/utils/ble_list.c ****   
 117:Middlewares/ST/BlueNRG-2/utils/ble_list.c ****   *node = listHead->prev;
 540              		.loc 1 117 3 view .LVU144
 541              		.loc 1 117 19 is_stmt 0 view .LVU145
 542 000a 4068     		ldr	r0, [r0, #4]
 543              	.LVL26:
 544              		.loc 1 117 9 view .LVU146
 545 000c 0860     		str	r0, [r1]
 118:Middlewares/ST/BlueNRG-2/utils/ble_list.c ****   list_remove_node (listHead->prev);
 546              		.loc 1 118 3 is_stmt 1 view .LVU147
 547 000e FFF7FEFF 		bl	list_remove_node
 548              	.LVL27:
 119:Middlewares/ST/BlueNRG-2/utils/ble_list.c ****   (*node)->next = NULL;
 549              		.loc 1 119 3 view .LVU148
 550              		.loc 1 119 4 is_stmt 0 view .LVU149
 551 0012 2268     		ldr	r2, [r4]
 552              		.loc 1 119 17 view .LVU150
 553 0014 0023     		movs	r3, #0
 554 0016 1360     		str	r3, [r2]
 120:Middlewares/ST/BlueNRG-2/utils/ble_list.c ****   (*node)->prev = NULL;
 555              		.loc 1 120 3 is_stmt 1 view .LVU151
 556              		.loc 1 120 4 is_stmt 0 view .LVU152
 557 0018 2268     		ldr	r2, [r4]
 558              		.loc 1 120 17 view .LVU153
 559 001a 5360     		str	r3, [r2, #4]
 121:Middlewares/ST/BlueNRG-2/utils/ble_list.c ****   
 122:Middlewares/ST/BlueNRG-2/utils/ble_list.c ****   __set_PRIMASK(uwPRIMASK_Bit);     /**< Restore PRIMASK bit*/
 560              		.loc 1 122 3 is_stmt 1 view .LVU154
 561              	.LVL28:
 562              	.LBB102:
 563              	.LBI102:
 412:Drivers/CMSIS/Include/cmsis_gcc.h **** {
 564              		.loc 2 412 27 view .LVU155
 565              	.LBB103:
 566              		.loc 2 414 3 view .LVU156
 567              		.syntax unified
 568              	@ 414 "Drivers/CMSIS/Include/cmsis_gcc.h" 1
 569 001c 85F31088 		MSR primask, r5
 570              	@ 0 "" 2
 571              	.LVL29:
 572              		.loc 2 414 3 is_stmt 0 view .LVU157
 573              		.thumb
ARM GAS  C:\Users\zafee\AppData\Local\Temp\ccLgPZH2.s 			page 21


 574              		.syntax unified
 575              	.LBE103:
 576              	.LBE102:
 123:Middlewares/ST/BlueNRG-2/utils/ble_list.c **** }
 577              		.loc 1 123 1 view .LVU158
 578 0020 38BD     		pop	{r3, r4, r5, pc}
 579              		.loc 1 123 1 view .LVU159
 580              		.cfi_endproc
 581              	.LFE139:
 583              		.section	.text.list_insert_node_after,"ax",%progbits
 584              		.align	1
 585              		.global	list_insert_node_after
 586              		.syntax unified
 587              		.thumb
 588              		.thumb_func
 590              	list_insert_node_after:
 591              	.LVL30:
 592              	.LFB140:
 124:Middlewares/ST/BlueNRG-2/utils/ble_list.c **** 
 125:Middlewares/ST/BlueNRG-2/utils/ble_list.c **** void list_insert_node_after (tListNode * node, tListNode * ref_node)
 126:Middlewares/ST/BlueNRG-2/utils/ble_list.c **** {
 593              		.loc 1 126 1 is_stmt 1 view -0
 594              		.cfi_startproc
 595              		@ args = 0, pretend = 0, frame = 0
 596              		@ frame_needed = 0, uses_anonymous_args = 0
 597              		@ link register save eliminated.
 127:Middlewares/ST/BlueNRG-2/utils/ble_list.c ****   uint32_t uwPRIMASK_Bit;
 598              		.loc 1 127 3 view .LVU161
 128:Middlewares/ST/BlueNRG-2/utils/ble_list.c ****   uwPRIMASK_Bit = __get_PRIMASK();  /**< backup PRIMASK bit */
 599              		.loc 1 128 3 view .LVU162
 600              	.LBB104:
 601              	.LBI104:
 382:Drivers/CMSIS/Include/cmsis_gcc.h **** {
 602              		.loc 2 382 31 view .LVU163
 603              	.LBB105:
 384:Drivers/CMSIS/Include/cmsis_gcc.h **** 
 604              		.loc 2 384 3 view .LVU164
 386:Drivers/CMSIS/Include/cmsis_gcc.h ****   return(result);
 605              		.loc 2 386 3 view .LVU165
 606              		.syntax unified
 607              	@ 386 "Drivers/CMSIS/Include/cmsis_gcc.h" 1
 608 0000 EFF31083 		MRS r3, primask
 609              	@ 0 "" 2
 610              	.LVL31:
 387:Drivers/CMSIS/Include/cmsis_gcc.h **** }
 611              		.loc 2 387 3 view .LVU166
 387:Drivers/CMSIS/Include/cmsis_gcc.h **** }
 612              		.loc 2 387 3 is_stmt 0 view .LVU167
 613              		.thumb
 614              		.syntax unified
 615              	.LBE105:
 616              	.LBE104:
 129:Middlewares/ST/BlueNRG-2/utils/ble_list.c ****   __disable_irq();                  /**< Disable all interrupts by setting PRIMASK bit on Cortex*/
 617              		.loc 1 129 3 is_stmt 1 view .LVU168
 618              	.LBB106:
 619              	.LBI106:
 140:Drivers/CMSIS/Include/cmsis_gcc.h **** {
ARM GAS  C:\Users\zafee\AppData\Local\Temp\ccLgPZH2.s 			page 22


 620              		.loc 2 140 27 view .LVU169
 621              	.LBB107:
 142:Drivers/CMSIS/Include/cmsis_gcc.h **** }
 622              		.loc 2 142 3 view .LVU170
 623              		.syntax unified
 624              	@ 142 "Drivers/CMSIS/Include/cmsis_gcc.h" 1
 625 0004 72B6     		cpsid i
 626              	@ 0 "" 2
 627              		.thumb
 628              		.syntax unified
 629              	.LBE107:
 630              	.LBE106:
 130:Middlewares/ST/BlueNRG-2/utils/ble_list.c ****   
 131:Middlewares/ST/BlueNRG-2/utils/ble_list.c ****   node->next = ref_node->next;
 631              		.loc 1 131 3 view .LVU171
 632              		.loc 1 131 24 is_stmt 0 view .LVU172
 633 0006 0A68     		ldr	r2, [r1]
 634              		.loc 1 131 14 view .LVU173
 635 0008 0260     		str	r2, [r0]
 132:Middlewares/ST/BlueNRG-2/utils/ble_list.c ****   node->prev = ref_node;
 636              		.loc 1 132 3 is_stmt 1 view .LVU174
 637              		.loc 1 132 14 is_stmt 0 view .LVU175
 638 000a 4160     		str	r1, [r0, #4]
 133:Middlewares/ST/BlueNRG-2/utils/ble_list.c ****   ref_node->next = node;
 639              		.loc 1 133 3 is_stmt 1 view .LVU176
 640              		.loc 1 133 18 is_stmt 0 view .LVU177
 641 000c 0860     		str	r0, [r1]
 134:Middlewares/ST/BlueNRG-2/utils/ble_list.c ****   (node->next)->prev = node;
 642              		.loc 1 134 3 is_stmt 1 view .LVU178
 643              		.loc 1 134 8 is_stmt 0 view .LVU179
 644 000e 0268     		ldr	r2, [r0]
 645              		.loc 1 134 22 view .LVU180
 646 0010 5060     		str	r0, [r2, #4]
 135:Middlewares/ST/BlueNRG-2/utils/ble_list.c ****   
 136:Middlewares/ST/BlueNRG-2/utils/ble_list.c ****   __set_PRIMASK(uwPRIMASK_Bit);     /**< Restore PRIMASK bit*/
 647              		.loc 1 136 3 is_stmt 1 view .LVU181
 648              	.LVL32:
 649              	.LBB108:
 650              	.LBI108:
 412:Drivers/CMSIS/Include/cmsis_gcc.h **** {
 651              		.loc 2 412 27 view .LVU182
 652              	.LBB109:
 653              		.loc 2 414 3 view .LVU183
 654              		.syntax unified
 655              	@ 414 "Drivers/CMSIS/Include/cmsis_gcc.h" 1
 656 0012 83F31088 		MSR primask, r3
 657              	@ 0 "" 2
 658              	.LVL33:
 659              		.loc 2 414 3 is_stmt 0 view .LVU184
 660              		.thumb
 661              		.syntax unified
 662              	.LBE109:
 663              	.LBE108:
 137:Middlewares/ST/BlueNRG-2/utils/ble_list.c **** }
 664              		.loc 1 137 1 view .LVU185
 665 0016 7047     		bx	lr
 666              		.cfi_endproc
ARM GAS  C:\Users\zafee\AppData\Local\Temp\ccLgPZH2.s 			page 23


 667              	.LFE140:
 669              		.section	.text.list_insert_node_before,"ax",%progbits
 670              		.align	1
 671              		.global	list_insert_node_before
 672              		.syntax unified
 673              		.thumb
 674              		.thumb_func
 676              	list_insert_node_before:
 677              	.LVL34:
 678              	.LFB141:
 138:Middlewares/ST/BlueNRG-2/utils/ble_list.c **** 
 139:Middlewares/ST/BlueNRG-2/utils/ble_list.c **** void list_insert_node_before (tListNode * node, tListNode * ref_node)
 140:Middlewares/ST/BlueNRG-2/utils/ble_list.c **** {
 679              		.loc 1 140 1 is_stmt 1 view -0
 680              		.cfi_startproc
 681              		@ args = 0, pretend = 0, frame = 0
 682              		@ frame_needed = 0, uses_anonymous_args = 0
 683              		@ link register save eliminated.
 141:Middlewares/ST/BlueNRG-2/utils/ble_list.c ****   uint32_t uwPRIMASK_Bit;
 684              		.loc 1 141 3 view .LVU187
 142:Middlewares/ST/BlueNRG-2/utils/ble_list.c ****   uwPRIMASK_Bit = __get_PRIMASK();  /**< backup PRIMASK bit */
 685              		.loc 1 142 3 view .LVU188
 686              	.LBB110:
 687              	.LBI110:
 382:Drivers/CMSIS/Include/cmsis_gcc.h **** {
 688              		.loc 2 382 31 view .LVU189
 689              	.LBB111:
 384:Drivers/CMSIS/Include/cmsis_gcc.h **** 
 690              		.loc 2 384 3 view .LVU190
 386:Drivers/CMSIS/Include/cmsis_gcc.h ****   return(result);
 691              		.loc 2 386 3 view .LVU191
 692              		.syntax unified
 693              	@ 386 "Drivers/CMSIS/Include/cmsis_gcc.h" 1
 694 0000 EFF31083 		MRS r3, primask
 695              	@ 0 "" 2
 696              	.LVL35:
 387:Drivers/CMSIS/Include/cmsis_gcc.h **** }
 697              		.loc 2 387 3 view .LVU192
 387:Drivers/CMSIS/Include/cmsis_gcc.h **** }
 698              		.loc 2 387 3 is_stmt 0 view .LVU193
 699              		.thumb
 700              		.syntax unified
 701              	.LBE111:
 702              	.LBE110:
 143:Middlewares/ST/BlueNRG-2/utils/ble_list.c ****   __disable_irq();                  /**< Disable all interrupts by setting PRIMASK bit on Cortex*/
 703              		.loc 1 143 3 is_stmt 1 view .LVU194
 704              	.LBB112:
 705              	.LBI112:
 140:Drivers/CMSIS/Include/cmsis_gcc.h **** {
 706              		.loc 2 140 27 view .LVU195
 707              	.LBB113:
 142:Drivers/CMSIS/Include/cmsis_gcc.h **** }
 708              		.loc 2 142 3 view .LVU196
 709              		.syntax unified
 710              	@ 142 "Drivers/CMSIS/Include/cmsis_gcc.h" 1
 711 0004 72B6     		cpsid i
 712              	@ 0 "" 2
ARM GAS  C:\Users\zafee\AppData\Local\Temp\ccLgPZH2.s 			page 24


 713              		.thumb
 714              		.syntax unified
 715              	.LBE113:
 716              	.LBE112:
 144:Middlewares/ST/BlueNRG-2/utils/ble_list.c ****   
 145:Middlewares/ST/BlueNRG-2/utils/ble_list.c ****   node->next = ref_node;
 717              		.loc 1 145 3 view .LVU197
 718              		.loc 1 145 14 is_stmt 0 view .LVU198
 719 0006 0160     		str	r1, [r0]
 146:Middlewares/ST/BlueNRG-2/utils/ble_list.c ****   node->prev = ref_node->prev;
 720              		.loc 1 146 3 is_stmt 1 view .LVU199
 721              		.loc 1 146 24 is_stmt 0 view .LVU200
 722 0008 4A68     		ldr	r2, [r1, #4]
 723              		.loc 1 146 14 view .LVU201
 724 000a 4260     		str	r2, [r0, #4]
 147:Middlewares/ST/BlueNRG-2/utils/ble_list.c ****   ref_node->prev = node;
 725              		.loc 1 147 3 is_stmt 1 view .LVU202
 726              		.loc 1 147 18 is_stmt 0 view .LVU203
 727 000c 4860     		str	r0, [r1, #4]
 148:Middlewares/ST/BlueNRG-2/utils/ble_list.c ****   (node->prev)->next = node;
 728              		.loc 1 148 3 is_stmt 1 view .LVU204
 729              		.loc 1 148 8 is_stmt 0 view .LVU205
 730 000e 4268     		ldr	r2, [r0, #4]
 731              		.loc 1 148 22 view .LVU206
 732 0010 1060     		str	r0, [r2]
 149:Middlewares/ST/BlueNRG-2/utils/ble_list.c ****   
 150:Middlewares/ST/BlueNRG-2/utils/ble_list.c ****   __set_PRIMASK(uwPRIMASK_Bit);     /**< Restore PRIMASK bit*/
 733              		.loc 1 150 3 is_stmt 1 view .LVU207
 734              	.LVL36:
 735              	.LBB114:
 736              	.LBI114:
 412:Drivers/CMSIS/Include/cmsis_gcc.h **** {
 737              		.loc 2 412 27 view .LVU208
 738              	.LBB115:
 739              		.loc 2 414 3 view .LVU209
 740              		.syntax unified
 741              	@ 414 "Drivers/CMSIS/Include/cmsis_gcc.h" 1
 742 0012 83F31088 		MSR primask, r3
 743              	@ 0 "" 2
 744              	.LVL37:
 745              		.loc 2 414 3 is_stmt 0 view .LVU210
 746              		.thumb
 747              		.syntax unified
 748              	.LBE115:
 749              	.LBE114:
 151:Middlewares/ST/BlueNRG-2/utils/ble_list.c **** }
 750              		.loc 1 151 1 view .LVU211
 751 0016 7047     		bx	lr
 752              		.cfi_endproc
 753              	.LFE141:
 755              		.section	.text.list_get_size,"ax",%progbits
 756              		.align	1
 757              		.global	list_get_size
 758              		.syntax unified
 759              		.thumb
 760              		.thumb_func
 762              	list_get_size:
ARM GAS  C:\Users\zafee\AppData\Local\Temp\ccLgPZH2.s 			page 25


 763              	.LVL38:
 764              	.LFB142:
 152:Middlewares/ST/BlueNRG-2/utils/ble_list.c **** 
 153:Middlewares/ST/BlueNRG-2/utils/ble_list.c **** int list_get_size (tListNode * listHead)
 154:Middlewares/ST/BlueNRG-2/utils/ble_list.c **** {
 765              		.loc 1 154 1 is_stmt 1 view -0
 766              		.cfi_startproc
 767              		@ args = 0, pretend = 0, frame = 0
 768              		@ frame_needed = 0, uses_anonymous_args = 0
 769              		@ link register save eliminated.
 770              		.loc 1 154 1 is_stmt 0 view .LVU213
 771 0000 0246     		mov	r2, r0
 155:Middlewares/ST/BlueNRG-2/utils/ble_list.c ****   int size = 0;
 772              		.loc 1 155 3 is_stmt 1 view .LVU214
 773              	.LVL39:
 156:Middlewares/ST/BlueNRG-2/utils/ble_list.c ****   tListNode * temp;
 774              		.loc 1 156 3 view .LVU215
 157:Middlewares/ST/BlueNRG-2/utils/ble_list.c **** 
 158:Middlewares/ST/BlueNRG-2/utils/ble_list.c ****   uint32_t uwPRIMASK_Bit;
 775              		.loc 1 158 3 view .LVU216
 159:Middlewares/ST/BlueNRG-2/utils/ble_list.c ****   uwPRIMASK_Bit = __get_PRIMASK();  /**< backup PRIMASK bit */
 776              		.loc 1 159 3 view .LVU217
 777              	.LBB116:
 778              	.LBI116:
 382:Drivers/CMSIS/Include/cmsis_gcc.h **** {
 779              		.loc 2 382 31 view .LVU218
 780              	.LBB117:
 384:Drivers/CMSIS/Include/cmsis_gcc.h **** 
 781              		.loc 2 384 3 view .LVU219
 386:Drivers/CMSIS/Include/cmsis_gcc.h ****   return(result);
 782              		.loc 2 386 3 view .LVU220
 783              		.syntax unified
 784              	@ 386 "Drivers/CMSIS/Include/cmsis_gcc.h" 1
 785 0002 EFF31081 		MRS r1, primask
 786              	@ 0 "" 2
 787              	.LVL40:
 387:Drivers/CMSIS/Include/cmsis_gcc.h **** }
 788              		.loc 2 387 3 view .LVU221
 387:Drivers/CMSIS/Include/cmsis_gcc.h **** }
 789              		.loc 2 387 3 is_stmt 0 view .LVU222
 790              		.thumb
 791              		.syntax unified
 792              	.LBE117:
 793              	.LBE116:
 160:Middlewares/ST/BlueNRG-2/utils/ble_list.c ****   __disable_irq();                  /**< Disable all interrupts by setting PRIMASK bit on Cortex*/
 794              		.loc 1 160 3 is_stmt 1 view .LVU223
 795              	.LBB118:
 796              	.LBI118:
 140:Drivers/CMSIS/Include/cmsis_gcc.h **** {
 797              		.loc 2 140 27 view .LVU224
 798              	.LBB119:
 142:Drivers/CMSIS/Include/cmsis_gcc.h **** }
 799              		.loc 2 142 3 view .LVU225
 800              		.syntax unified
 801              	@ 142 "Drivers/CMSIS/Include/cmsis_gcc.h" 1
 802 0006 72B6     		cpsid i
 803              	@ 0 "" 2
ARM GAS  C:\Users\zafee\AppData\Local\Temp\ccLgPZH2.s 			page 26


 804              		.thumb
 805              		.syntax unified
 806              	.LBE119:
 807              	.LBE118:
 161:Middlewares/ST/BlueNRG-2/utils/ble_list.c **** 
 162:Middlewares/ST/BlueNRG-2/utils/ble_list.c ****   temp = listHead->next;
 808              		.loc 1 162 3 view .LVU226
 809              		.loc 1 162 8 is_stmt 0 view .LVU227
 810 0008 0368     		ldr	r3, [r0]
 811              	.LVL41:
 163:Middlewares/ST/BlueNRG-2/utils/ble_list.c ****   while (temp != listHead)
 812              		.loc 1 163 3 is_stmt 1 view .LVU228
 155:Middlewares/ST/BlueNRG-2/utils/ble_list.c ****   tListNode * temp;
 813              		.loc 1 155 7 is_stmt 0 view .LVU229
 814 000a 0020     		movs	r0, #0
 815              	.LVL42:
 816              		.loc 1 163 9 view .LVU230
 817 000c 01E0     		b	.L16
 818              	.LVL43:
 819              	.L17:
 164:Middlewares/ST/BlueNRG-2/utils/ble_list.c ****   {
 165:Middlewares/ST/BlueNRG-2/utils/ble_list.c ****     size++;
 820              		.loc 1 165 5 is_stmt 1 view .LVU231
 821              		.loc 1 165 9 is_stmt 0 view .LVU232
 822 000e 0130     		adds	r0, r0, #1
 823              	.LVL44:
 166:Middlewares/ST/BlueNRG-2/utils/ble_list.c ****     temp = temp->next;		
 824              		.loc 1 166 5 is_stmt 1 view .LVU233
 825              		.loc 1 166 10 is_stmt 0 view .LVU234
 826 0010 1B68     		ldr	r3, [r3]
 827              	.LVL45:
 828              	.L16:
 163:Middlewares/ST/BlueNRG-2/utils/ble_list.c ****   {
 829              		.loc 1 163 15 is_stmt 1 view .LVU235
 830 0012 9342     		cmp	r3, r2
 831 0014 FBD1     		bne	.L17
 167:Middlewares/ST/BlueNRG-2/utils/ble_list.c ****   }
 168:Middlewares/ST/BlueNRG-2/utils/ble_list.c ****   
 169:Middlewares/ST/BlueNRG-2/utils/ble_list.c ****   __set_PRIMASK(uwPRIMASK_Bit);     /**< Restore PRIMASK bit*/
 832              		.loc 1 169 3 view .LVU236
 833              	.LBB120:
 834              	.LBI120:
 412:Drivers/CMSIS/Include/cmsis_gcc.h **** {
 835              		.loc 2 412 27 view .LVU237
 836              	.LBB121:
 837              		.loc 2 414 3 view .LVU238
 838              		.syntax unified
 839              	@ 414 "Drivers/CMSIS/Include/cmsis_gcc.h" 1
 840 0016 81F31088 		MSR primask, r1
 841              	@ 0 "" 2
 842              		.thumb
 843              		.syntax unified
 844              	.LBE121:
 845              	.LBE120:
 170:Middlewares/ST/BlueNRG-2/utils/ble_list.c ****   
 171:Middlewares/ST/BlueNRG-2/utils/ble_list.c ****   return (size);
 846              		.loc 1 171 3 view .LVU239
ARM GAS  C:\Users\zafee\AppData\Local\Temp\ccLgPZH2.s 			page 27


 172:Middlewares/ST/BlueNRG-2/utils/ble_list.c **** }
 847              		.loc 1 172 1 is_stmt 0 view .LVU240
 848 001a 7047     		bx	lr
 849              		.cfi_endproc
 850              	.LFE142:
 852              		.section	.text.list_get_next_node,"ax",%progbits
 853              		.align	1
 854              		.global	list_get_next_node
 855              		.syntax unified
 856              		.thumb
 857              		.thumb_func
 859              	list_get_next_node:
 860              	.LVL46:
 861              	.LFB143:
 173:Middlewares/ST/BlueNRG-2/utils/ble_list.c **** 
 174:Middlewares/ST/BlueNRG-2/utils/ble_list.c **** void list_get_next_node (tListNode * ref_node, tListNode ** node)
 175:Middlewares/ST/BlueNRG-2/utils/ble_list.c **** {
 862              		.loc 1 175 1 is_stmt 1 view -0
 863              		.cfi_startproc
 864              		@ args = 0, pretend = 0, frame = 0
 865              		@ frame_needed = 0, uses_anonymous_args = 0
 866              		@ link register save eliminated.
 176:Middlewares/ST/BlueNRG-2/utils/ble_list.c ****   uint32_t uwPRIMASK_Bit;
 867              		.loc 1 176 3 view .LVU242
 177:Middlewares/ST/BlueNRG-2/utils/ble_list.c ****   uwPRIMASK_Bit = __get_PRIMASK();  /**< backup PRIMASK bit */
 868              		.loc 1 177 3 view .LVU243
 869              	.LBB122:
 870              	.LBI122:
 382:Drivers/CMSIS/Include/cmsis_gcc.h **** {
 871              		.loc 2 382 31 view .LVU244
 872              	.LBB123:
 384:Drivers/CMSIS/Include/cmsis_gcc.h **** 
 873              		.loc 2 384 3 view .LVU245
 386:Drivers/CMSIS/Include/cmsis_gcc.h ****   return(result);
 874              		.loc 2 386 3 view .LVU246
 875              		.syntax unified
 876              	@ 386 "Drivers/CMSIS/Include/cmsis_gcc.h" 1
 877 0000 EFF31083 		MRS r3, primask
 878              	@ 0 "" 2
 879              	.LVL47:
 387:Drivers/CMSIS/Include/cmsis_gcc.h **** }
 880              		.loc 2 387 3 view .LVU247
 387:Drivers/CMSIS/Include/cmsis_gcc.h **** }
 881              		.loc 2 387 3 is_stmt 0 view .LVU248
 882              		.thumb
 883              		.syntax unified
 884              	.LBE123:
 885              	.LBE122:
 178:Middlewares/ST/BlueNRG-2/utils/ble_list.c ****   __disable_irq();                  /**< Disable all interrupts by setting PRIMASK bit on Cortex*/
 886              		.loc 1 178 3 is_stmt 1 view .LVU249
 887              	.LBB124:
 888              	.LBI124:
 140:Drivers/CMSIS/Include/cmsis_gcc.h **** {
 889              		.loc 2 140 27 view .LVU250
 890              	.LBB125:
 142:Drivers/CMSIS/Include/cmsis_gcc.h **** }
 891              		.loc 2 142 3 view .LVU251
ARM GAS  C:\Users\zafee\AppData\Local\Temp\ccLgPZH2.s 			page 28


 892              		.syntax unified
 893              	@ 142 "Drivers/CMSIS/Include/cmsis_gcc.h" 1
 894 0004 72B6     		cpsid i
 895              	@ 0 "" 2
 896              		.thumb
 897              		.syntax unified
 898              	.LBE125:
 899              	.LBE124:
 179:Middlewares/ST/BlueNRG-2/utils/ble_list.c ****   
 180:Middlewares/ST/BlueNRG-2/utils/ble_list.c ****   *node = ref_node->next;
 900              		.loc 1 180 3 view .LVU252
 901              		.loc 1 180 19 is_stmt 0 view .LVU253
 902 0006 0268     		ldr	r2, [r0]
 903              		.loc 1 180 9 view .LVU254
 904 0008 0A60     		str	r2, [r1]
 181:Middlewares/ST/BlueNRG-2/utils/ble_list.c ****   
 182:Middlewares/ST/BlueNRG-2/utils/ble_list.c ****   __set_PRIMASK(uwPRIMASK_Bit);     /**< Restore PRIMASK bit*/
 905              		.loc 1 182 3 is_stmt 1 view .LVU255
 906              	.LVL48:
 907              	.LBB126:
 908              	.LBI126:
 412:Drivers/CMSIS/Include/cmsis_gcc.h **** {
 909              		.loc 2 412 27 view .LVU256
 910              	.LBB127:
 911              		.loc 2 414 3 view .LVU257
 912              		.syntax unified
 913              	@ 414 "Drivers/CMSIS/Include/cmsis_gcc.h" 1
 914 000a 83F31088 		MSR primask, r3
 915              	@ 0 "" 2
 916              	.LVL49:
 917              		.loc 2 414 3 is_stmt 0 view .LVU258
 918              		.thumb
 919              		.syntax unified
 920              	.LBE127:
 921              	.LBE126:
 183:Middlewares/ST/BlueNRG-2/utils/ble_list.c **** }
 922              		.loc 1 183 1 view .LVU259
 923 000e 7047     		bx	lr
 924              		.cfi_endproc
 925              	.LFE143:
 927              		.section	.text.list_get_prev_node,"ax",%progbits
 928              		.align	1
 929              		.global	list_get_prev_node
 930              		.syntax unified
 931              		.thumb
 932              		.thumb_func
 934              	list_get_prev_node:
 935              	.LVL50:
 936              	.LFB144:
 184:Middlewares/ST/BlueNRG-2/utils/ble_list.c **** 
 185:Middlewares/ST/BlueNRG-2/utils/ble_list.c **** void list_get_prev_node (tListNode * ref_node, tListNode ** node)
 186:Middlewares/ST/BlueNRG-2/utils/ble_list.c **** {
 937              		.loc 1 186 1 is_stmt 1 view -0
 938              		.cfi_startproc
 939              		@ args = 0, pretend = 0, frame = 0
 940              		@ frame_needed = 0, uses_anonymous_args = 0
 941              		@ link register save eliminated.
ARM GAS  C:\Users\zafee\AppData\Local\Temp\ccLgPZH2.s 			page 29


 187:Middlewares/ST/BlueNRG-2/utils/ble_list.c ****   uint32_t uwPRIMASK_Bit;
 942              		.loc 1 187 3 view .LVU261
 188:Middlewares/ST/BlueNRG-2/utils/ble_list.c ****   uwPRIMASK_Bit = __get_PRIMASK();  /**< backup PRIMASK bit */
 943              		.loc 1 188 3 view .LVU262
 944              	.LBB128:
 945              	.LBI128:
 382:Drivers/CMSIS/Include/cmsis_gcc.h **** {
 946              		.loc 2 382 31 view .LVU263
 947              	.LBB129:
 384:Drivers/CMSIS/Include/cmsis_gcc.h **** 
 948              		.loc 2 384 3 view .LVU264
 386:Drivers/CMSIS/Include/cmsis_gcc.h ****   return(result);
 949              		.loc 2 386 3 view .LVU265
 950              		.syntax unified
 951              	@ 386 "Drivers/CMSIS/Include/cmsis_gcc.h" 1
 952 0000 EFF31083 		MRS r3, primask
 953              	@ 0 "" 2
 954              	.LVL51:
 387:Drivers/CMSIS/Include/cmsis_gcc.h **** }
 955              		.loc 2 387 3 view .LVU266
 387:Drivers/CMSIS/Include/cmsis_gcc.h **** }
 956              		.loc 2 387 3 is_stmt 0 view .LVU267
 957              		.thumb
 958              		.syntax unified
 959              	.LBE129:
 960              	.LBE128:
 189:Middlewares/ST/BlueNRG-2/utils/ble_list.c ****   __disable_irq();                  /**< Disable all interrupts by setting PRIMASK bit on Cortex*/
 961              		.loc 1 189 3 is_stmt 1 view .LVU268
 962              	.LBB130:
 963              	.LBI130:
 140:Drivers/CMSIS/Include/cmsis_gcc.h **** {
 964              		.loc 2 140 27 view .LVU269
 965              	.LBB131:
 142:Drivers/CMSIS/Include/cmsis_gcc.h **** }
 966              		.loc 2 142 3 view .LVU270
 967              		.syntax unified
 968              	@ 142 "Drivers/CMSIS/Include/cmsis_gcc.h" 1
 969 0004 72B6     		cpsid i
 970              	@ 0 "" 2
 971              		.thumb
 972              		.syntax unified
 973              	.LBE131:
 974              	.LBE130:
 190:Middlewares/ST/BlueNRG-2/utils/ble_list.c ****   
 191:Middlewares/ST/BlueNRG-2/utils/ble_list.c ****   *node = ref_node->prev;
 975              		.loc 1 191 3 view .LVU271
 976              		.loc 1 191 19 is_stmt 0 view .LVU272
 977 0006 4268     		ldr	r2, [r0, #4]
 978              		.loc 1 191 9 view .LVU273
 979 0008 0A60     		str	r2, [r1]
 192:Middlewares/ST/BlueNRG-2/utils/ble_list.c ****   
 193:Middlewares/ST/BlueNRG-2/utils/ble_list.c ****   __set_PRIMASK(uwPRIMASK_Bit);     /**< Restore PRIMASK bit*/
 980              		.loc 1 193 3 is_stmt 1 view .LVU274
 981              	.LVL52:
 982              	.LBB132:
 983              	.LBI132:
 412:Drivers/CMSIS/Include/cmsis_gcc.h **** {
ARM GAS  C:\Users\zafee\AppData\Local\Temp\ccLgPZH2.s 			page 30


 984              		.loc 2 412 27 view .LVU275
 985              	.LBB133:
 986              		.loc 2 414 3 view .LVU276
 987              		.syntax unified
 988              	@ 414 "Drivers/CMSIS/Include/cmsis_gcc.h" 1
 989 000a 83F31088 		MSR primask, r3
 990              	@ 0 "" 2
 991              	.LVL53:
 992              		.loc 2 414 3 is_stmt 0 view .LVU277
 993              		.thumb
 994              		.syntax unified
 995              	.LBE133:
 996              	.LBE132:
 194:Middlewares/ST/BlueNRG-2/utils/ble_list.c **** }
 997              		.loc 1 194 1 view .LVU278
 998 000e 7047     		bx	lr
 999              		.cfi_endproc
 1000              	.LFE144:
 1002              		.text
 1003              	.Letext0:
 1004              		.file 3 "c:\\users\\zafee\\appdata\\roaming\\code - insiders\\user\\globalstorage\\bmd.stm32-for-v
 1005              		.file 4 "c:\\users\\zafee\\appdata\\roaming\\code - insiders\\user\\globalstorage\\bmd.stm32-for-v
 1006              		.file 5 "Middlewares/ST/BlueNRG-2/utils/ble_list.h"
ARM GAS  C:\Users\zafee\AppData\Local\Temp\ccLgPZH2.s 			page 31


DEFINED SYMBOLS
                            *ABS*:00000000 ble_list.c
C:\Users\zafee\AppData\Local\Temp\ccLgPZH2.s:21     .text.list_init_head:00000000 $t
C:\Users\zafee\AppData\Local\Temp\ccLgPZH2.s:27     .text.list_init_head:00000000 list_init_head
C:\Users\zafee\AppData\Local\Temp\ccLgPZH2.s:47     .text.list_is_empty:00000000 $t
C:\Users\zafee\AppData\Local\Temp\ccLgPZH2.s:53     .text.list_is_empty:00000000 list_is_empty
C:\Users\zafee\AppData\Local\Temp\ccLgPZH2.s:134    .text.list_insert_head:00000000 $t
C:\Users\zafee\AppData\Local\Temp\ccLgPZH2.s:140    .text.list_insert_head:00000000 list_insert_head
C:\Users\zafee\AppData\Local\Temp\ccLgPZH2.s:220    .text.list_insert_tail:00000000 $t
C:\Users\zafee\AppData\Local\Temp\ccLgPZH2.s:226    .text.list_insert_tail:00000000 list_insert_tail
C:\Users\zafee\AppData\Local\Temp\ccLgPZH2.s:306    .text.list_remove_node:00000000 $t
C:\Users\zafee\AppData\Local\Temp\ccLgPZH2.s:312    .text.list_remove_node:00000000 list_remove_node
C:\Users\zafee\AppData\Local\Temp\ccLgPZH2.s:388    .text.list_remove_head:00000000 $t
C:\Users\zafee\AppData\Local\Temp\ccLgPZH2.s:394    .text.list_remove_head:00000000 list_remove_head
C:\Users\zafee\AppData\Local\Temp\ccLgPZH2.s:486    .text.list_remove_tail:00000000 $t
C:\Users\zafee\AppData\Local\Temp\ccLgPZH2.s:492    .text.list_remove_tail:00000000 list_remove_tail
C:\Users\zafee\AppData\Local\Temp\ccLgPZH2.s:584    .text.list_insert_node_after:00000000 $t
C:\Users\zafee\AppData\Local\Temp\ccLgPZH2.s:590    .text.list_insert_node_after:00000000 list_insert_node_after
C:\Users\zafee\AppData\Local\Temp\ccLgPZH2.s:670    .text.list_insert_node_before:00000000 $t
C:\Users\zafee\AppData\Local\Temp\ccLgPZH2.s:676    .text.list_insert_node_before:00000000 list_insert_node_before
C:\Users\zafee\AppData\Local\Temp\ccLgPZH2.s:756    .text.list_get_size:00000000 $t
C:\Users\zafee\AppData\Local\Temp\ccLgPZH2.s:762    .text.list_get_size:00000000 list_get_size
C:\Users\zafee\AppData\Local\Temp\ccLgPZH2.s:853    .text.list_get_next_node:00000000 $t
C:\Users\zafee\AppData\Local\Temp\ccLgPZH2.s:859    .text.list_get_next_node:00000000 list_get_next_node
C:\Users\zafee\AppData\Local\Temp\ccLgPZH2.s:928    .text.list_get_prev_node:00000000 $t
C:\Users\zafee\AppData\Local\Temp\ccLgPZH2.s:934    .text.list_get_prev_node:00000000 list_get_prev_node

NO UNDEFINED SYMBOLS
