2023-10-22 12:16:39,632 [INFO] Activator:176 - 


2023-10-22 12:16:39,633 [INFO] Activator:177 - !SESSION log4j initialized
2023-10-22 12:16:42,211 [INFO] LogOutputStream:77 - [STDOUT_REDIRECT] 
2023-10-22 12:16:44,332 [INFO] ApplicationProperties:184 - Using Application install path: C:\ST\STM32CubeIDE_1.13.2\STM32CubeIDE\plugins\com.st.stm32cube.common.mx_6.9.2.202309101412
2023-10-22 12:16:44,345 [INFO] DbMcusXml:78 - Set database path to: C:\ST\STM32CubeIDE_1.13.2\STM32CubeIDE\plugins\com.st.stm32cube.common.mx_6.9.2.202309101412\\db\/mcu/
2023-10-22 12:16:44,345 [INFO] ApiDb:274 - Set plugin database path to: C:\ST\STM32CubeIDE_1.13.2\STM32CubeIDE\plugins\com.st.stm32cube.common.mx_6.9.2.202309101412\\db\/plugins/boardmanager/
2023-10-22 12:16:44,345 [WARN] ApiDb:259 - Overriding images path with different value:  => C:\ST\STM32CubeIDE_1.13.2\STM32CubeIDE\plugins\com.st.stm32cube.common.mx_6.9.2.202309101412\\db\/plugins/mcufinder/images/
2023-10-22 12:16:44,357 [INFO] ApiDb:250 - Set database path to: C:\Users\zafee\.stmcufinder\plugins\mcufinder//mcu/
2023-10-22 12:16:44,358 [INFO] DbMcusAds:125 - Set database path to: C:\Users\zafee\.stmcufinder\plugins\mcufinder//mcu/
2023-10-22 12:16:44,360 [INFO] CrossReferenceDbSqlite:203 - Set database path to: C:\Users\zafee\.stmcufinder\plugins\mcufinder//mcu/cs/
2023-10-22 12:16:44,448 [INFO] RulesReader:64 - Compatibility file has been processed (293 Rules)
2023-10-22 12:16:44,532 [INFO] DbMcusXml:78 - Set database path to: C:\ST\STM32CubeIDE_1.13.2\STM32CubeIDE\plugins\com.st.stm32cube.common.mx_6.9.2.202309101412\\db\/mcu/
2023-10-22 12:16:44,532 [INFO] ApiDb:274 - Set plugin database path to: C:\ST\STM32CubeIDE_1.13.2\STM32CubeIDE\plugins\com.st.stm32cube.common.mx_6.9.2.202309101412\\db\/plugins/boardmanager/
2023-10-22 12:16:44,532 [INFO] ApiDb:261 - Set plugin images path to: C:\ST\STM32CubeIDE_1.13.2\STM32CubeIDE\plugins\com.st.stm32cube.common.mx_6.9.2.202309101412\\db\/plugins/mcufinder/images/
2023-10-22 12:16:44,533 [WARN] DbFile:41 - Overriding database path with different value: C:\Users\zafee\.stmcufinder\plugins\mcufinder/ => C:\Users\zafee\.stmcufinder\plugins\mcufinder
2023-10-22 12:16:44,533 [INFO] ApiDb:250 - Set database path to: C:\Users\zafee\.stmcufinder\plugins\mcufinder//mcu/
2023-10-22 12:16:44,533 [WARN] DbFile:41 - Overriding database path with different value: C:\Users\zafee\.stmcufinder\plugins\mcufinder/ => C:\Users\zafee\.stmcufinder\plugins\mcufinder
2023-10-22 12:16:44,533 [INFO] DbMcusAds:125 - Set database path to: C:\Users\zafee\.stmcufinder\plugins\mcufinder//mcu/
2023-10-22 12:16:44,533 [WARN] DbFile:41 - Overriding database path with different value: C:\Users\zafee\.stmcufinder\plugins\mcufinder/ => C:\Users\zafee\.stmcufinder\plugins\mcufinder
2023-10-22 12:16:44,533 [WARN] DbFile:41 - Overriding database path with different value: C:\Users\zafee\.stmcufinder\plugins\mcufinder/ => C:\Users\zafee\.stmcufinder\plugins\mcufinder
2023-10-22 12:16:44,533 [INFO] CrossReferenceDbSqlite:203 - Set database path to: C:\Users\zafee\.stmcufinder\plugins\mcufinder//mcu/cs/
2023-10-22 12:16:44,603 [INFO] MainPanel:262 - HeapMemory: 268435456
2023-10-22 12:16:44,656 [INFO] DbMcusXml:78 - Set database path to: C:\ST\STM32CubeIDE_1.13.2\STM32CubeIDE\plugins\com.st.stm32cube.common.mx_6.9.2.202309101412\\db\/mcu/
2023-10-22 12:16:44,656 [INFO] ApiDb:274 - Set plugin database path to: C:\ST\STM32CubeIDE_1.13.2\STM32CubeIDE\plugins\com.st.stm32cube.common.mx_6.9.2.202309101412\\db\/plugins/boardmanager/
2023-10-22 12:16:44,657 [INFO] ApiDb:261 - Set plugin images path to: C:\ST\STM32CubeIDE_1.13.2\STM32CubeIDE\plugins\com.st.stm32cube.common.mx_6.9.2.202309101412\\db\/plugins/mcufinder/images/
2023-10-22 12:16:44,657 [WARN] DbFile:41 - Overriding database path with different value: C:\Users\zafee\.stmcufinder\plugins\mcufinder/ => C:\Users\zafee\.stmcufinder\plugins\mcufinder
2023-10-22 12:16:44,657 [INFO] ApiDb:250 - Set database path to: C:\Users\zafee\.stmcufinder\plugins\mcufinder//mcu/
2023-10-22 12:16:44,657 [WARN] DbFile:41 - Overriding database path with different value: C:\Users\zafee\.stmcufinder\plugins\mcufinder/ => C:\Users\zafee\.stmcufinder\plugins\mcufinder
2023-10-22 12:16:44,657 [INFO] DbMcusAds:125 - Set database path to: C:\Users\zafee\.stmcufinder\plugins\mcufinder//mcu/
2023-10-22 12:16:44,657 [WARN] DbFile:41 - Overriding database path with different value: C:\Users\zafee\.stmcufinder\plugins\mcufinder/ => C:\Users\zafee\.stmcufinder\plugins\mcufinder
2023-10-22 12:16:44,657 [WARN] DbFile:41 - Overriding database path with different value: C:\Users\zafee\.stmcufinder\plugins\mcufinder/ => C:\Users\zafee\.stmcufinder\plugins\mcufinder
2023-10-22 12:16:44,657 [INFO] CrossReferenceDbSqlite:203 - Set database path to: C:\Users\zafee\.stmcufinder\plugins\mcufinder//mcu/cs/
2023-10-22 12:16:44,670 [INFO] ApplicationProperties:184 - Using Application install path: C:\ST\STM32CubeIDE_1.13.2\STM32CubeIDE\plugins\com.st.stm32cube.common.mx_6.9.2.202309101412
2023-10-22 12:16:44,671 [INFO] PluginManage:196 - Search for loadable plugins [exclusion list=, ]
2023-10-22 12:16:44,672 [INFO] PluginManage:310 - Check plugin analytics
2023-10-22 12:16:44,899 [INFO] AnalyticsPlugin:253 - Accepted Software Licenses: STM32CubeMX.6.9.2
2023-10-22 12:16:44,899 [INFO] AnalyticsPlugin:255 - Accepted CMSIS Pack Licenses: STMicroelectronics.X-CUBE-BLE2.3.3.0,STMicroelectronics.X-CUBE-FREERTOS.1.1.0
2023-10-22 12:16:44,899 [INFO] AnalyticsPlugin:257 - Accepted Firmware Licenses: FW.H7.1.11.0,FW.F4.1.27.0
2023-10-22 12:16:44,903 [INFO] PluginManage:359 - Loaded plugin analytics (category:tool,tabindex:-1)
2023-10-22 12:16:44,904 [INFO] PluginManage:310 - Check plugin cadmodel
2023-10-22 12:16:44,909 [INFO] CADModel:105 - Init CAD model plugin
2023-10-22 12:16:44,909 [INFO] PluginManage:359 - Loaded plugin cadmodel (category:power,tabindex:5)
2023-10-22 12:16:44,909 [INFO] PluginManage:310 - Check plugin clock
2023-10-22 12:16:44,919 [INFO] PluginManage:359 - Loaded plugin clock (category:base,tabindex:2)
2023-10-22 12:16:44,919 [INFO] PluginManage:310 - Check plugin ddr
2023-10-22 12:16:44,921 [INFO] PluginManage:359 - Loaded plugin ddr (category:tool,tabindex:6)
2023-10-22 12:16:44,922 [INFO] PluginManage:310 - Check plugin filemanager
2023-10-22 12:16:45,061 [INFO] PluginManage:359 - Loaded plugin filemanager (category:base,tabindex:10)
2023-10-22 12:16:45,061 [INFO] PluginManage:310 - Check plugin ipmanager
2023-10-22 12:16:45,066 [INFO] PluginManage:359 - Loaded plugin ipmanager (category:base,tabindex:5)
2023-10-22 12:16:45,066 [INFO] PluginManage:310 - Check plugin lpbam
2023-10-22 12:16:45,073 [INFO] PluginManage:359 - Loaded plugin lpbam (category:base,tabindex:0)
2023-10-22 12:16:45,073 [INFO] PluginManage:310 - Check plugin memorymap
2023-10-22 12:16:45,083 [INFO] PluginManage:359 - Loaded plugin memorymap (category:base,tabindex:4)
2023-10-22 12:16:45,083 [INFO] PluginManage:310 - Check plugin pinoutandconfiguration
2023-10-22 12:16:45,089 [INFO] PluginManage:359 - Loaded plugin pinoutandconfiguration (category:base,tabindex:1)
2023-10-22 12:16:45,089 [INFO] PluginManage:310 - Check plugin pinoutconfig
2023-10-22 12:16:45,166 [WARN] SupportedApi:132 - Cannot load RTOS API schema: s4s-elt-must-match.1: The content of 'definitions' must match (annotation?, (simpleType | complexType)?, (unique | key | keyref)*)). A problem was found starting at: attribute.
2023-10-22 12:16:45,311 [INFO] PluginManage:359 - Loaded plugin pinoutconfig (category:base,tabindex:0)
2023-10-22 12:16:45,311 [INFO] PluginManage:310 - Check plugin power
2023-10-22 12:16:45,319 [INFO] PluginManage:359 - Loaded plugin power (category:power,tabindex:4)
2023-10-22 12:16:45,319 [INFO] PluginManage:310 - Check plugin projectmanager
2023-10-22 12:16:45,333 [INFO] PluginManage:359 - Loaded plugin projectmanager (category:projectmanager,tabindex:3)
2023-10-22 12:16:45,333 [INFO] PluginManage:310 - Check plugin thirdparty
2023-10-22 12:16:45,451 [INFO] PluginManage:359 - Loaded plugin thirdparty (category:base,tabindex:-1)
2023-10-22 12:16:45,450 [WARN] IntegrityCheckThread:84 - waiting for thirdparty lock release [integrity check]
2023-10-22 12:16:45,451 [INFO] PluginManage:310 - Check plugin tools
2023-10-22 12:16:45,451 [INFO] IntegrityCheckThread:86 - entering critical section [integrity check]
2023-10-22 12:16:45,452 [INFO] ThirdPartyUpdaterWithRetryManager:70 - Updater plugin not ready yet. [1/15]
2023-10-22 12:16:45,456 [INFO] PluginManage:359 - Loaded plugin tools (category:base,tabindex:7)
2023-10-22 12:16:45,456 [INFO] PluginManage:310 - Check plugin tutovideos
2023-10-22 12:16:45,597 [INFO] PluginManage:359 - Loaded plugin tutovideos (category:base,tabindex:-1)
2023-10-22 12:16:45,597 [INFO] PluginManage:310 - Check plugin updater
2023-10-22 12:16:45,609 [INFO] PluginManage:359 - Loaded plugin updater (category:base,tabindex:12)
2023-10-22 12:16:45,609 [INFO] PluginManage:310 - Check plugin userauth
2023-10-22 12:16:45,613 [INFO] UserAuth:113 - Init User Auth plugin
2023-10-22 12:16:45,613 [INFO] PluginManage:359 - Loaded plugin userauth (category:base,tabindex:14)
2023-10-22 12:16:45,614 [INFO] PluginManage:283 - PluginManage : Loaded plugins [17]
2023-10-22 12:16:45,813 [INFO] PinOutPanel:1499 - setPackage(No Configuration,No Configuration)
2023-10-22 12:16:45,908 [INFO] CADModel:165 - CPN selected for project level
2023-10-22 12:16:45,909 [INFO] CADModel:114 - Register for checkConnection events
2023-10-22 12:16:45,922 [INFO] IPUIPlugin:80 - create IPUIPlugin
2023-10-22 12:16:45,922 [INFO] PluginManager:220 - loadIPPluginJar : add adc
2023-10-22 12:16:45,924 [INFO] IPUIPlugin:80 - create IPUIPlugin
2023-10-22 12:16:45,924 [INFO] PluginManager:220 - loadIPPluginJar : add aes
2023-10-22 12:16:45,926 [INFO] IPUIPlugin:80 - create IPUIPlugin
2023-10-22 12:16:45,927 [INFO] PluginManager:220 - loadIPPluginJar : add can
2023-10-22 12:16:45,928 [INFO] IPUIPlugin:80 - create IPUIPlugin
2023-10-22 12:16:45,928 [INFO] PluginManager:220 - loadIPPluginJar : add comp
2023-10-22 12:16:45,930 [INFO] IPUIPlugin:80 - create IPUIPlugin
2023-10-22 12:16:45,930 [INFO] PluginManager:220 - loadIPPluginJar : add cryp
2023-10-22 12:16:45,931 [INFO] IPUIPlugin:80 - create IPUIPlugin
2023-10-22 12:16:45,932 [INFO] PluginManager:220 - loadIPPluginJar : add dfsdm
2023-10-22 12:16:45,935 [INFO] IPUIPlugin:80 - create IPUIPlugin
2023-10-22 12:16:45,936 [INFO] PluginManager:220 - loadIPPluginJar : add dma
2023-10-22 12:16:45,938 [INFO] IPUIPlugin:80 - create IPUIPlugin
2023-10-22 12:16:45,939 [INFO] PluginManager:220 - loadIPPluginJar : add dma3
2023-10-22 12:16:45,940 [INFO] IPUIPlugin:80 - create IPUIPlugin
2023-10-22 12:16:45,940 [INFO] PluginManager:220 - loadIPPluginJar : add fatfs
2023-10-22 12:16:45,944 [INFO] IPUIPlugin:80 - create IPUIPlugin
2023-10-22 12:16:45,944 [INFO] PluginManager:220 - loadIPPluginJar : add fmc
2023-10-22 12:16:45,949 [INFO] IPUIPlugin:80 - create IPUIPlugin
2023-10-22 12:16:45,949 [INFO] PluginManager:220 - loadIPPluginJar : add freertos
2023-10-22 12:16:45,950 [INFO] IPUIPlugin:80 - create IPUIPlugin
2023-10-22 12:16:45,951 [INFO] PluginManager:220 - loadIPPluginJar : add genericplugin
2023-10-22 12:16:45,953 [INFO] IPUIPlugin:80 - create IPUIPlugin
2023-10-22 12:16:45,953 [INFO] PluginManager:220 - loadIPPluginJar : add gfxmmu
2023-10-22 12:16:45,958 [INFO] IPUIPlugin:80 - create IPUIPlugin
2023-10-22 12:16:45,958 [INFO] PluginManager:220 - loadIPPluginJar : add gic
2023-10-22 12:16:45,962 [INFO] IPUIPlugin:80 - create IPUIPlugin
2023-10-22 12:16:45,962 [INFO] PluginManager:220 - loadIPPluginJar : add gpio
2023-10-22 12:16:45,964 [INFO] IPUIPlugin:80 - create IPUIPlugin
2023-10-22 12:16:45,965 [INFO] PluginManager:220 - loadIPPluginJar : add gtzc
2023-10-22 12:16:45,966 [INFO] IPUIPlugin:80 - create IPUIPlugin
2023-10-22 12:16:45,966 [INFO] PluginManager:220 - loadIPPluginJar : add hash
2023-10-22 12:16:45,968 [INFO] IPUIPlugin:80 - create IPUIPlugin
2023-10-22 12:16:45,968 [INFO] PluginManager:220 - loadIPPluginJar : add i2c
2023-10-22 12:16:45,969 [INFO] IPUIPlugin:80 - create IPUIPlugin
2023-10-22 12:16:45,969 [INFO] PluginManager:220 - loadIPPluginJar : add i2s
2023-10-22 12:16:45,971 [INFO] IPUIPlugin:80 - create IPUIPlugin
2023-10-22 12:16:45,972 [INFO] PluginManager:220 - loadIPPluginJar : add i3c
2023-10-22 12:16:45,974 [INFO] IPUIPlugin:80 - create IPUIPlugin
2023-10-22 12:16:45,974 [INFO] PluginManager:220 - loadIPPluginJar : add ipddr
2023-10-22 12:16:45,979 [INFO] IPUIPlugin:80 - create IPUIPlugin
2023-10-22 12:16:45,979 [INFO] PluginManager:220 - loadIPPluginJar : add linkedlist
2023-10-22 12:16:45,981 [INFO] IPUIPlugin:80 - create IPUIPlugin
2023-10-22 12:16:45,982 [INFO] PluginManager:220 - loadIPPluginJar : add lorawan
2023-10-22 12:16:45,983 [INFO] IPUIPlugin:80 - create IPUIPlugin
2023-10-22 12:16:45,983 [INFO] PluginManager:220 - loadIPPluginJar : add ltdc
2023-10-22 12:16:45,987 [INFO] IPUIPlugin:80 - create IPUIPlugin
2023-10-22 12:16:45,987 [INFO] PluginManager:220 - loadIPPluginJar : add mdma
2023-10-22 12:16:45,990 [INFO] IPUIPlugin:80 - create IPUIPlugin
2023-10-22 12:16:45,990 [INFO] PluginManager:220 - loadIPPluginJar : add nvic
2023-10-22 12:16:45,992 [INFO] IPUIPlugin:80 - create IPUIPlugin
2023-10-22 12:16:45,992 [INFO] PluginManager:220 - loadIPPluginJar : add opamp
2023-10-22 12:16:45,994 [INFO] IPUIPlugin:80 - create IPUIPlugin
2023-10-22 12:16:45,995 [INFO] PluginManager:220 - loadIPPluginJar : add openamp
2023-10-22 12:16:45,997 [INFO] IPUIPlugin:80 - create IPUIPlugin
2023-10-22 12:16:45,997 [INFO] PluginManager:220 - loadIPPluginJar : add pdm2pcm
2023-10-22 12:16:46,001 [INFO] IPUIPlugin:80 - create IPUIPlugin
2023-10-22 12:16:46,003 [INFO] PluginManager:220 - loadIPPluginJar : add plateformsettings
2023-10-22 12:16:46,004 [INFO] IPUIPlugin:80 - create IPUIPlugin
2023-10-22 12:16:46,004 [INFO] PluginManager:220 - loadIPPluginJar : add quadspi
2023-10-22 12:16:46,007 [INFO] IPUIPlugin:80 - create IPUIPlugin
2023-10-22 12:16:46,007 [INFO] PluginManager:220 - loadIPPluginJar : add resmgrutility
2023-10-22 12:16:46,008 [INFO] IPUIPlugin:80 - create IPUIPlugin
2023-10-22 12:16:46,009 [INFO] PluginManager:220 - loadIPPluginJar : add sai
2023-10-22 12:16:46,010 [INFO] IPUIPlugin:80 - create IPUIPlugin
2023-10-22 12:16:46,010 [INFO] PluginManager:220 - loadIPPluginJar : add spi
2023-10-22 12:16:46,013 [INFO] IPUIPlugin:80 - create IPUIPlugin
2023-10-22 12:16:46,013 [INFO] PluginManager:220 - loadIPPluginJar : add stm32_wpan
2023-10-22 12:16:46,014 [INFO] IPUIPlugin:80 - create IPUIPlugin
2023-10-22 12:16:46,015 [INFO] PluginManager:220 - loadIPPluginJar : add tim
2023-10-22 12:16:46,016 [INFO] IPUIPlugin:80 - create IPUIPlugin
2023-10-22 12:16:46,016 [INFO] PluginManager:220 - loadIPPluginJar : add touchsensing
2023-10-22 12:16:46,018 [INFO] IPUIPlugin:80 - create IPUIPlugin
2023-10-22 12:16:46,018 [INFO] PluginManager:220 - loadIPPluginJar : add tracer_emb
2023-10-22 12:16:46,019 [INFO] IPUIPlugin:80 - create IPUIPlugin
2023-10-22 12:16:46,019 [INFO] PluginManager:220 - loadIPPluginJar : add ts
2023-10-22 12:16:46,020 [INFO] IPUIPlugin:80 - create IPUIPlugin
2023-10-22 12:16:46,020 [INFO] PluginManager:220 - loadIPPluginJar : add tsc
2023-10-22 12:16:46,021 [INFO] IPUIPlugin:80 - create IPUIPlugin
2023-10-22 12:16:46,021 [INFO] PluginManager:220 - loadIPPluginJar : add ucpd
2023-10-22 12:16:46,023 [INFO] IPUIPlugin:80 - create IPUIPlugin
2023-10-22 12:16:46,023 [INFO] PluginManager:220 - loadIPPluginJar : add usart
2023-10-22 12:16:46,025 [INFO] IPUIPlugin:80 - create IPUIPlugin
2023-10-22 12:16:46,025 [INFO] PluginManager:220 - loadIPPluginJar : add usbx
2023-10-22 12:16:46,137 [INFO] CADModel:165 - CPN selected for project level
2023-10-22 12:16:46,138 [INFO] CADModel:114 - Register for checkConnection events
2023-10-22 12:16:46,138 [FATAL] Updater:308 - Updater called before beeing initialized
2023-10-22 12:16:46,138 [ERROR] CADModel:125 - Updater not yet initialized, retry later 
2023-10-22 12:16:46,270 [INFO] CADModel:165 - CPN selected for project level
2023-10-22 12:16:46,270 [INFO] CADModel:114 - Register for checkConnection events
2023-10-22 12:16:46,270 [FATAL] Updater:308 - Updater called before beeing initialized
2023-10-22 12:16:46,270 [ERROR] CADModel:125 - Updater not yet initialized, retry later 
2023-10-22 12:16:46,273 [FATAL] Updater:308 - Updater called before beeing initialized
2023-10-22 12:16:46,363 [FATAL] Updater:308 - Updater called before beeing initialized
2023-10-22 12:16:46,369 [INFO] DbMcusAds:53 - JSON generation date=Tue Mar 07 00:50:55 PST 2023 (1678179055114)
2023-10-22 12:16:46,369 [FATAL] Updater:308 - Updater called before beeing initialized
2023-10-22 12:16:46,406 [WARN] DetailPanel:346 - Failed to get advertising image, set to default
2023-10-22 12:16:46,498 [FATAL] Updater:308 - Updater called before beeing initialized
2023-10-22 12:16:46,499 [FATAL] Updater:308 - Updater called before beeing initialized
2023-10-22 12:16:46,499 [FATAL] Updater:308 - Updater called before beeing initialized
2023-10-22 12:16:46,499 [WARN] DetailPanel:346 - Failed to get advertising image, set to default
2023-10-22 12:16:46,500 [FATAL] Updater:308 - Updater called before beeing initialized
2023-10-22 12:16:46,548 [ERROR] Updater:1120 - MainUpdater not yet initialized. External WinMGr cannot be set.
2023-10-22 12:16:46,549 [INFO] Updater:1056 - Updater Version found : 6.9.2
2023-10-22 12:16:46,563 [INFO] ApplicationProperties:184 - Using Application install path: C:\ST\STM32CubeIDE_1.13.2\STM32CubeIDE\plugins\com.st.stm32cube.common.mx_6.9.2.202309101412
2023-10-22 12:16:46,992 [INFO] MainUpdater:2868 - connection check result : 10
2023-10-22 12:16:46,993 [INFO] MainUpdater:285 - Updater Check For Update Now.
2023-10-22 12:16:46,993 [INFO] MicroXplorer:498 - Change Database Version : DB.6.0.92
2023-10-22 12:16:47,006 [INFO] McuFinderGlobals:63 - Set McuFinder mode to 2 (CubeIDE integrated)
2023-10-22 12:16:47,207 [INFO] CheckServerUpdateThread:120 - End of CheckServer Thread
2023-10-22 12:16:48,579 [WARN] PackLoader:240 - Cannot read IP mode file for STMicroelectronics.X-CUBE-SMBUS.2.1.0
2023-10-22 12:16:48,641 [WARN] PackLoader:240 - Cannot read IP mode file for STMicroelectronics.X-CUBE-AZRTOS-F7.1.1.0
2023-10-22 12:16:48,671 [WARN] PackLoader:240 - Cannot read IP mode file for STMicroelectronics.FP-SNS-MOTENV1.4.3.2
2023-10-22 12:16:48,696 [WARN] PackLoader:240 - Cannot read IP mode file for STMicroelectronics.FP-SNS-FLIGHT1.5.0.2
2023-10-22 12:16:48,722 [WARN] PackLoader:240 - Cannot read IP mode file for STMicroelectronics.X-CUBE-DISPLAY.3.0.0
2023-10-22 12:16:48,755 [WARN] PackLoader:240 - Cannot read IP mode file for STMicroelectronics.X-CUBE-BLE1.7.0.0
2023-10-22 12:16:48,775 [WARN] PackLoader:240 - Cannot read IP mode file for emotas.I-CUBE-CANOPEN.1.3.0
2023-10-22 12:16:48,800 [WARN] PackLoader:240 - Cannot read IP mode file for STMicroelectronics.X-CUBE-TOUCHGFX.4.22.1
2023-10-22 12:16:48,813 [WARN] PackLoader:240 - Cannot read IP mode file for STMicroelectronics.FP-SNS-SMARTAG2.1.2.0
2023-10-22 12:16:48,845 [INFO] LogOutputStream:77 - [STDOUT_REDIRECT] 1 : Invalid condition id : UX_CORESTACK_Condition cause : null
2023-10-22 12:16:48,846 [INFO] LogOutputStream:77 - [STDOUT_REDIRECT] 1 : Invalid condition id : UX_CORESTACK_Condition cause : null
2023-10-22 12:16:48,849 [INFO] LogOutputStream:77 - [STDOUT_REDIRECT] 1 : Invalid condition id : UX_CORESTACK_Condition cause : null
2023-10-22 12:16:48,851 [INFO] LogOutputStream:77 - [STDOUT_REDIRECT] 1 : Invalid condition id : UX_CORESTACK_Condition cause : null
2023-10-22 12:16:48,854 [INFO] LogOutputStream:77 - [STDOUT_REDIRECT] 1 : Invalid condition id : UX_CORESTACK_Condition cause : null
2023-10-22 12:16:48,860 [WARN] PackLoader:240 - Cannot read IP mode file for STMicroelectronics.X-CUBE-AZRTOS-WL.2.0.0
2023-10-22 12:16:48,885 [WARN] PackLoader:240 - Cannot read IP mode file for WES.I-CUBE-Cesium.1.3.0
2023-10-22 12:16:48,903 [WARN] PackLoader:240 - Cannot read IP mode file for STMicroelectronics.X-CUBE-BLE2.3.3.0
2023-10-22 12:16:49,119 [WARN] PackLoader:240 - Cannot read IP mode file for STMicroelectronics.X-CUBE-ALGOBUILD.1.3.0
2023-10-22 12:16:49,150 [WARN] PackLoader:240 - Cannot read IP mode file for STMicroelectronics.X-CUBE-AZRTOS-G0.1.1.0
2023-10-22 12:16:49,167 [WARN] PackLoader:240 - Cannot read IP mode file for STMicroelectronics.X-CUBE-NFC4.3.0.0
2023-10-22 12:16:49,179 [WARN] PackLoader:240 - Cannot read IP mode file for STMicroelectronics.FP-ATR-SIGFOX1.3.2.0
2023-10-22 12:16:49,224 [WARN] PackLoader:240 - Cannot read IP mode file for SEGGER.I-CUBE-embOS.1.3.1
2023-10-22 12:16:49,268 [WARN] PackLoader:240 - Cannot read IP mode file for STMicroelectronics.X-CUBE-GNSS1.6.0.0
2023-10-22 12:16:49,296 [WARN] PackLoader:240 - Cannot read IP mode file for STMicroelectronics.X-CUBE-AZRTOS-F4.1.1.0
2023-10-22 12:16:49,309 [WARN] PackLoader:240 - Cannot read IP mode file for wolfSSL.I-CUBE-wolfSSL.5.6.3
2023-10-22 12:16:49,332 [WARN] PackLoader:240 - Cannot read IP mode file for STMicroelectronics.X-CUBE-AZRTOS-L5.2.0.0
2023-10-22 12:16:49,382 [WARN] PackLoader:240 - Cannot read IP mode file for STMicroelectronics.X-CUBE-MEMS1.9.6.0
2023-10-22 12:16:49,544 [WARN] PackLoader:240 - Cannot read IP mode file for ITTIA_DB.I-CUBE-ITTIADB.8.8.0
2023-10-22 12:16:49,558 [WARN] PackLoader:240 - Cannot read IP mode file for STMicroelectronics.X-CUBE-BLEMGR.2.0.0
2023-10-22 12:16:49,587 [WARN] ConditionMgr:438 - getConditionDescription Invalid condition id : UX DEVICE CLASS RTOS Condition cause : null
2023-10-22 12:16:49,587 [WARN] ConditionMgr:438 - getConditionDescription Invalid condition id : UX DEVICE CLASS RTOS Condition cause : null
2023-10-22 12:16:49,590 [WARN] PackLoader:240 - Cannot read IP mode file for STMicroelectronics.X-CUBE-AZRTOS-H7.3.1.0
2023-10-22 12:16:49,591 [WARN] ConditionMgr:1039 - genDependencies : Invalid condition id : UX DEVICE CLASS RTOS Condition cause : null
2023-10-22 12:16:49,591 [WARN] ConditionMgr:1039 - genDependencies : Invalid condition id : UX DEVICE CLASS RTOS Condition cause : null
2023-10-22 12:16:49,592 [WARN] ConditionMgr:1039 - genDependencies : Invalid condition id : UX DEVICE CLASS RTOS Condition cause : null
2023-10-22 12:16:49,592 [WARN] ConditionMgr:1039 - genDependencies : Invalid condition id : UX DEVICE CLASS RTOS Condition cause : null
2023-10-22 12:16:49,592 [WARN] ConditionMgr:1039 - genDependencies : Invalid condition id : UX DEVICE CLASS RTOS Condition cause : null
2023-10-22 12:16:49,604 [WARN] PackLoader:240 - Cannot read IP mode file for STMicroelectronics.X-CUBE-NFC7.1.0.1
2023-10-22 12:16:49,616 [WARN] PackLoader:240 - Cannot read IP mode file for STMicroelectronics.X-CUBE-NFC6.3.0.0
2023-10-22 12:16:49,628 [WARN] PackLoader:240 - Cannot read IP mode file for STMicroelectronics.X-CUBE-EEPRMA1.4.1.0
2023-10-22 12:16:49,638 [WARN] PackLoader:240 - Cannot read IP mode file for STMicroelectronics.X-CUBE-AI.8.1.0
2023-10-22 12:16:49,663 [WARN] ConditionMgr:438 - getConditionDescription Invalid condition id : LAN8742 Phy interface Condition cause : null
2023-10-22 12:16:49,665 [WARN] PackLoader:240 - Cannot read IP mode file for STMicroelectronics.X-CUBE-AZRTOS-L4.2.0.0
2023-10-22 12:16:49,667 [WARN] ConditionMgr:1039 - genDependencies : Invalid condition id : LAN8742 Phy interface Condition cause : null
2023-10-22 12:16:49,668 [WARN] ConditionMgr:1039 - genDependencies : Invalid condition id : LAN8742 Phy interface Condition cause : null
2023-10-22 12:16:49,668 [WARN] ConditionMgr:1039 - genDependencies : Invalid condition id : LAN8742 Phy interface Condition cause : null
2023-10-22 12:16:49,684 [WARN] PackLoader:240 - Cannot read IP mode file for STMicroelectronics.X-CUBE-SFXS2LP1.4.0.0
2023-10-22 12:16:49,700 [WARN] PackLoader:240 - Cannot read IP mode file for STMicroelectronics.X-CUBE-ISPU.1.1.0
2023-10-22 12:16:49,722 [WARN] ConditionMgr:438 - getConditionDescription Invalid condition id : UX DEVICE CLASS RTOS Condition cause : null
2023-10-22 12:16:49,722 [WARN] ConditionMgr:438 - getConditionDescription Invalid condition id : UX DEVICE CLASS RTOS Condition cause : null
2023-10-22 12:16:49,723 [WARN] PackLoader:240 - Cannot read IP mode file for STMicroelectronics.X-CUBE-AZRTOS-WB.2.0.0
2023-10-22 12:16:49,724 [WARN] ConditionMgr:1039 - genDependencies : Invalid condition id : UX DEVICE CLASS RTOS Condition cause : null
2023-10-22 12:16:49,724 [WARN] ConditionMgr:1039 - genDependencies : Invalid condition id : UX DEVICE CLASS RTOS Condition cause : null
2023-10-22 12:16:49,724 [WARN] ConditionMgr:1039 - genDependencies : Invalid condition id : UX DEVICE CLASS RTOS Condition cause : null
2023-10-22 12:16:49,725 [WARN] ConditionMgr:1039 - genDependencies : Invalid condition id : UX DEVICE CLASS RTOS Condition cause : null
2023-10-22 12:16:49,725 [WARN] ConditionMgr:1039 - genDependencies : Invalid condition id : UX DEVICE CLASS RTOS Condition cause : null
2023-10-22 12:16:49,744 [WARN] PackLoader:240 - Cannot read IP mode file for STMicroelectronics.X-CUBE-SUBG2.5.0.0
2023-10-22 12:16:49,767 [WARN] PackLoader:240 - Cannot read IP mode file for STMicroelectronics.X-CUBE-TOF1.3.3.1
2023-10-22 12:16:49,799 [WARN] PackLoader:240 - Cannot read IP mode file for STMicroelectronics.X-CUBE-AZRTOS-G4.2.0.0
2023-10-22 12:16:49,821 [WARN] PackLoader:240 - Cannot read IP mode file for Infineon.AIROC-Wi-Fi-Bluetooth-STM32.1.5.1
2023-10-22 12:16:49,867 [WARN] PackLoader:240 - Cannot read IP mode file for STMicroelectronics.X-CUBE-MEMS1.10.0.0
2023-10-22 12:16:49,975 [WARN] PackLoader:240 - Cannot read IP mode file for STMicroelectronics.X-CUBE-FREERTOS.1.1.0
2023-10-22 12:16:50,059 [WARN] PackLoader:240 - Cannot read IP mode file for portGmbH.I-Cube-SoM-uGOAL.1.1.0
2023-10-22 12:16:50,070 [WARN] PackLoader:240 - Cannot read IP mode file for STMicroelectronics.X-CUBE-ALS.1.0.1
2023-10-22 12:16:50,080 [WARN] PackLoader:240 - Cannot read IP mode file for STMicroelectronics.FP-ATR-ASTRA1.2.0.0
2023-10-22 12:16:50,081 [INFO] ThirdParty:978 - Integrity check success = true
2023-10-22 12:16:50,081 [INFO] IntegrityCheckThread:100 - exiting critical section [integrity check]
2023-10-22 12:16:50,081 [INFO] IntegrityCheckThread:103 - End integrity checks thread
2023-10-22 12:17:07,774 [ERROR] LogOutputStream:75 - [STDERR_REDIRECT] SLF4J: Failed to load class "org.slf4j.impl.StaticLoggerBinder".
2023-10-22 12:17:07,775 [ERROR] LogOutputStream:75 - [STDERR_REDIRECT] SLF4J: Defaulting to no-operation (NOP) logger implementation
2023-10-22 12:17:07,776 [ERROR] LogOutputStream:75 - [STDERR_REDIRECT] SLF4J: See http://www.slf4j.org/codes.html#StaticLoggerBinder for further details.
